                                      1 ;--------------------------------------------------------
                                      2 ; File Created by SDCC : free open source ISO C Compiler
                                      3 ; Version 4.5.1 #15267 (MINGW64)
                                      4 ;--------------------------------------------------------
                                      5 	.module bg
                                      6 	
                                      7 ;--------------------------------------------------------
                                      8 ; Public variables in this module
                                      9 ;--------------------------------------------------------
                                     10 	.globl _bgmap
                                     11 ;--------------------------------------------------------
                                     12 ; special function registers
                                     13 ;--------------------------------------------------------
                                     14 ;--------------------------------------------------------
                                     15 ; ram data
                                     16 ;--------------------------------------------------------
                                     17 	.area _DATA
                                     18 ;--------------------------------------------------------
                                     19 ; ram data
                                     20 ;--------------------------------------------------------
                                     21 	.area _INITIALIZED
    00000000                         22 _bgmap::
    00000000                         23 	.ds 720
                                     24 ;--------------------------------------------------------
                                     25 ; absolute external ram data
                                     26 ;--------------------------------------------------------
                                     27 	.area _DABS (ABS)
                                     28 ;--------------------------------------------------------
                                     29 ; global & static initialisations
                                     30 ;--------------------------------------------------------
                                     31 	.area _HOME
                                     32 	.area _GSINIT
                                     33 	.area _GSFINAL
                                     34 	.area _GSINIT
                                     35 ;--------------------------------------------------------
                                     36 ; Home
                                     37 ;--------------------------------------------------------
                                     38 	.area _HOME
                                     39 	.area _HOME
                                     40 ;--------------------------------------------------------
                                     41 ; code
                                     42 ;--------------------------------------------------------
                                     43 	.area _CODE
                                     44 	.area _CODE
                                     45 	.area _INITIALIZER
    00000000                         46 __xinit__bgmap:
    00000000 08                      47 	.db #0x08	; 8
    00000001 08                      48 	.db #0x08	; 8
    00000002 08                      49 	.db #0x08	; 8
    00000003 08                      50 	.db #0x08	; 8
    00000004 08                      51 	.db #0x08	; 8
    00000005 08                      52 	.db #0x08	; 8
    00000006 08                      53 	.db #0x08	; 8
    00000007 08                      54 	.db #0x08	; 8
    00000008 08                      55 	.db #0x08	; 8
    00000009 08                      56 	.db #0x08	; 8
    0000000A 08                      57 	.db #0x08	; 8
    0000000B 08                      58 	.db #0x08	; 8
    0000000C 08                      59 	.db #0x08	; 8
    0000000D 08                      60 	.db #0x08	; 8
    0000000E 08                      61 	.db #0x08	; 8
    0000000F 06                      62 	.db #0x06	; 6
    00000010 08                      63 	.db #0x08	; 8
    00000011 08                      64 	.db #0x08	; 8
    00000012 07                      65 	.db #0x07	; 7
    00000013 08                      66 	.db #0x08	; 8
    00000014 08                      67 	.db #0x08	; 8
    00000015 08                      68 	.db #0x08	; 8
    00000016 08                      69 	.db #0x08	; 8
    00000017 08                      70 	.db #0x08	; 8
    00000018 08                      71 	.db #0x08	; 8
    00000019 08                      72 	.db #0x08	; 8
    0000001A 07                      73 	.db #0x07	; 7
    0000001B 08                      74 	.db #0x08	; 8
    0000001C 08                      75 	.db #0x08	; 8
    0000001D 08                      76 	.db #0x08	; 8
    0000001E 08                      77 	.db #0x08	; 8
    0000001F 07                      78 	.db #0x07	; 7
    00000020 08                      79 	.db #0x08	; 8
    00000021 08                      80 	.db #0x08	; 8
    00000022 08                      81 	.db #0x08	; 8
    00000023 08                      82 	.db #0x08	; 8
    00000024 08                      83 	.db #0x08	; 8
    00000025 07                      84 	.db #0x07	; 7
    00000026 08                      85 	.db #0x08	; 8
    00000027 08                      86 	.db #0x08	; 8
    00000028 08                      87 	.db #0x08	; 8
    00000029 06                      88 	.db #0x06	; 6
    0000002A 08                      89 	.db #0x08	; 8
    0000002B 08                      90 	.db #0x08	; 8
    0000002C 08                      91 	.db #0x08	; 8
    0000002D 08                      92 	.db #0x08	; 8
    0000002E 08                      93 	.db #0x08	; 8
    0000002F 06                      94 	.db #0x06	; 6
    00000030 08                      95 	.db #0x08	; 8
    00000031 08                      96 	.db #0x08	; 8
    00000032 08                      97 	.db #0x08	; 8
    00000033 08                      98 	.db #0x08	; 8
    00000034 07                      99 	.db #0x07	; 7
    00000035 08                     100 	.db #0x08	; 8
    00000036 08                     101 	.db #0x08	; 8
    00000037 08                     102 	.db #0x08	; 8
    00000038 08                     103 	.db #0x08	; 8
    00000039 08                     104 	.db #0x08	; 8
    0000003A 08                     105 	.db #0x08	; 8
    0000003B 08                     106 	.db #0x08	; 8
    0000003C 08                     107 	.db #0x08	; 8
    0000003D 08                     108 	.db #0x08	; 8
    0000003E 08                     109 	.db #0x08	; 8
    0000003F 08                     110 	.db #0x08	; 8
    00000040 08                     111 	.db #0x08	; 8
    00000041 08                     112 	.db #0x08	; 8
    00000042 08                     113 	.db #0x08	; 8
    00000043 08                     114 	.db #0x08	; 8
    00000044 08                     115 	.db #0x08	; 8
    00000045 08                     116 	.db #0x08	; 8
    00000046 08                     117 	.db #0x08	; 8
    00000047 08                     118 	.db #0x08	; 8
    00000048 08                     119 	.db #0x08	; 8
    00000049 08                     120 	.db #0x08	; 8
    0000004A 08                     121 	.db #0x08	; 8
    0000004B 08                     122 	.db #0x08	; 8
    0000004C 08                     123 	.db #0x08	; 8
    0000004D 08                     124 	.db #0x08	; 8
    0000004E 08                     125 	.db #0x08	; 8
    0000004F 06                     126 	.db #0x06	; 6
    00000050 08                     127 	.db #0x08	; 8
    00000051 08                     128 	.db #0x08	; 8
    00000052 08                     129 	.db #0x08	; 8
    00000053 08                     130 	.db #0x08	; 8
    00000054 08                     131 	.db #0x08	; 8
    00000055 08                     132 	.db #0x08	; 8
    00000056 08                     133 	.db #0x08	; 8
    00000057 08                     134 	.db #0x08	; 8
    00000058 08                     135 	.db #0x08	; 8
    00000059 08                     136 	.db #0x08	; 8
    0000005A 08                     137 	.db #0x08	; 8
    0000005B 08                     138 	.db #0x08	; 8
    0000005C 08                     139 	.db #0x08	; 8
    0000005D 08                     140 	.db #0x08	; 8
    0000005E 08                     141 	.db #0x08	; 8
    0000005F 08                     142 	.db #0x08	; 8
    00000060 08                     143 	.db #0x08	; 8
    00000061 08                     144 	.db #0x08	; 8
    00000062 08                     145 	.db #0x08	; 8
    00000063 08                     146 	.db #0x08	; 8
    00000064 08                     147 	.db #0x08	; 8
    00000065 08                     148 	.db #0x08	; 8
    00000066 08                     149 	.db #0x08	; 8
    00000067 06                     150 	.db #0x06	; 6
    00000068 08                     151 	.db #0x08	; 8
    00000069 08                     152 	.db #0x08	; 8
    0000006A 08                     153 	.db #0x08	; 8
    0000006B 08                     154 	.db #0x08	; 8
    0000006C 06                     155 	.db #0x06	; 6
    0000006D 08                     156 	.db #0x08	; 8
    0000006E 08                     157 	.db #0x08	; 8
    0000006F 08                     158 	.db #0x08	; 8
    00000070 08                     159 	.db #0x08	; 8
    00000071 08                     160 	.db #0x08	; 8
    00000072 08                     161 	.db #0x08	; 8
    00000073 08                     162 	.db #0x08	; 8
    00000074 06                     163 	.db #0x06	; 6
    00000075 08                     164 	.db #0x08	; 8
    00000076 08                     165 	.db #0x08	; 8
    00000077 08                     166 	.db #0x08	; 8
    00000078 08                     167 	.db #0x08	; 8
    00000079 08                     168 	.db #0x08	; 8
    0000007A 08                     169 	.db #0x08	; 8
    0000007B 08                     170 	.db #0x08	; 8
    0000007C 07                     171 	.db #0x07	; 7
    0000007D 08                     172 	.db #0x08	; 8
    0000007E 08                     173 	.db #0x08	; 8
    0000007F 08                     174 	.db #0x08	; 8
    00000080 08                     175 	.db #0x08	; 8
    00000081 08                     176 	.db #0x08	; 8
    00000082 06                     177 	.db #0x06	; 6
    00000083 08                     178 	.db #0x08	; 8
    00000084 08                     179 	.db #0x08	; 8
    00000085 08                     180 	.db #0x08	; 8
    00000086 08                     181 	.db #0x08	; 8
    00000087 08                     182 	.db #0x08	; 8
    00000088 08                     183 	.db #0x08	; 8
    00000089 08                     184 	.db #0x08	; 8
    0000008A 08                     185 	.db #0x08	; 8
    0000008B 07                     186 	.db #0x07	; 7
    0000008C 08                     187 	.db #0x08	; 8
    0000008D 08                     188 	.db #0x08	; 8
    0000008E 08                     189 	.db #0x08	; 8
    0000008F 08                     190 	.db #0x08	; 8
    00000090 08                     191 	.db #0x08	; 8
    00000091 08                     192 	.db #0x08	; 8
    00000092 08                     193 	.db #0x08	; 8
    00000093 08                     194 	.db #0x08	; 8
    00000094 08                     195 	.db #0x08	; 8
    00000095 08                     196 	.db #0x08	; 8
    00000096 08                     197 	.db #0x08	; 8
    00000097 08                     198 	.db #0x08	; 8
    00000098 07                     199 	.db #0x07	; 7
    00000099 08                     200 	.db #0x08	; 8
    0000009A 08                     201 	.db #0x08	; 8
    0000009B 08                     202 	.db #0x08	; 8
    0000009C 08                     203 	.db #0x08	; 8
    0000009D 08                     204 	.db #0x08	; 8
    0000009E 08                     205 	.db #0x08	; 8
    0000009F 08                     206 	.db #0x08	; 8
    000000A0 08                     207 	.db #0x08	; 8
    000000A1 08                     208 	.db #0x08	; 8
    000000A2 08                     209 	.db #0x08	; 8
    000000A3 08                     210 	.db #0x08	; 8
    000000A4 08                     211 	.db #0x08	; 8
    000000A5 08                     212 	.db #0x08	; 8
    000000A6 08                     213 	.db #0x08	; 8
    000000A7 07                     214 	.db #0x07	; 7
    000000A8 08                     215 	.db #0x08	; 8
    000000A9 08                     216 	.db #0x08	; 8
    000000AA 08                     217 	.db #0x08	; 8
    000000AB 08                     218 	.db #0x08	; 8
    000000AC 08                     219 	.db #0x08	; 8
    000000AD 08                     220 	.db #0x08	; 8
    000000AE 08                     221 	.db #0x08	; 8
    000000AF 08                     222 	.db #0x08	; 8
    000000B0 06                     223 	.db #0x06	; 6
    000000B1 08                     224 	.db #0x08	; 8
    000000B2 08                     225 	.db #0x08	; 8
    000000B3 08                     226 	.db #0x08	; 8
    000000B4 08                     227 	.db #0x08	; 8
    000000B5 08                     228 	.db #0x08	; 8
    000000B6 08                     229 	.db #0x08	; 8
    000000B7 08                     230 	.db #0x08	; 8
    000000B8 08                     231 	.db #0x08	; 8
    000000B9 07                     232 	.db #0x07	; 7
    000000BA 08                     233 	.db #0x08	; 8
    000000BB 08                     234 	.db #0x08	; 8
    000000BC 08                     235 	.db #0x08	; 8
    000000BD 08                     236 	.db #0x08	; 8
    000000BE 08                     237 	.db #0x08	; 8
    000000BF 08                     238 	.db #0x08	; 8
    000000C0 08                     239 	.db #0x08	; 8
    000000C1 08                     240 	.db #0x08	; 8
    000000C2 08                     241 	.db #0x08	; 8
    000000C3 08                     242 	.db #0x08	; 8
    000000C4 08                     243 	.db #0x08	; 8
    000000C5 08                     244 	.db #0x08	; 8
    000000C6 08                     245 	.db #0x08	; 8
    000000C7 07                     246 	.db #0x07	; 7
    000000C8 08                     247 	.db #0x08	; 8
    000000C9 08                     248 	.db #0x08	; 8
    000000CA 08                     249 	.db #0x08	; 8
    000000CB 08                     250 	.db #0x08	; 8
    000000CC 08                     251 	.db #0x08	; 8
    000000CD 08                     252 	.db #0x08	; 8
    000000CE 08                     253 	.db #0x08	; 8
    000000CF 08                     254 	.db #0x08	; 8
    000000D0 08                     255 	.db #0x08	; 8
    000000D1 08                     256 	.db #0x08	; 8
    000000D2 08                     257 	.db #0x08	; 8
    000000D3 07                     258 	.db #0x07	; 7
    000000D4 08                     259 	.db #0x08	; 8
    000000D5 08                     260 	.db #0x08	; 8
    000000D6 08                     261 	.db #0x08	; 8
    000000D7 08                     262 	.db #0x08	; 8
    000000D8 08                     263 	.db #0x08	; 8
    000000D9 08                     264 	.db #0x08	; 8
    000000DA 08                     265 	.db #0x08	; 8
    000000DB 08                     266 	.db #0x08	; 8
    000000DC 08                     267 	.db #0x08	; 8
    000000DD 08                     268 	.db #0x08	; 8
    000000DE 08                     269 	.db #0x08	; 8
    000000DF 08                     270 	.db #0x08	; 8
    000000E0 08                     271 	.db #0x08	; 8
    000000E1 08                     272 	.db #0x08	; 8
    000000E2 08                     273 	.db #0x08	; 8
    000000E3 08                     274 	.db #0x08	; 8
    000000E4 08                     275 	.db #0x08	; 8
    000000E5 08                     276 	.db #0x08	; 8
    000000E6 08                     277 	.db #0x08	; 8
    000000E7 08                     278 	.db #0x08	; 8
    000000E8 08                     279 	.db #0x08	; 8
    000000E9 08                     280 	.db #0x08	; 8
    000000EA 08                     281 	.db #0x08	; 8
    000000EB 08                     282 	.db #0x08	; 8
    000000EC 07                     283 	.db #0x07	; 7
    000000ED 08                     284 	.db #0x08	; 8
    000000EE 08                     285 	.db #0x08	; 8
    000000EF 08                     286 	.db #0x08	; 8
    000000F0 08                     287 	.db #0x08	; 8
    000000F1 08                     288 	.db #0x08	; 8
    000000F2 08                     289 	.db #0x08	; 8
    000000F3 06                     290 	.db #0x06	; 6
    000000F4 08                     291 	.db #0x08	; 8
    000000F5 08                     292 	.db #0x08	; 8
    000000F6 08                     293 	.db #0x08	; 8
    000000F7 08                     294 	.db #0x08	; 8
    000000F8 08                     295 	.db #0x08	; 8
    000000F9 08                     296 	.db #0x08	; 8
    000000FA 08                     297 	.db #0x08	; 8
    000000FB 08                     298 	.db #0x08	; 8
    000000FC 08                     299 	.db #0x08	; 8
    000000FD 08                     300 	.db #0x08	; 8
    000000FE 08                     301 	.db #0x08	; 8
    000000FF 08                     302 	.db #0x08	; 8
    00000100 08                     303 	.db #0x08	; 8
    00000101 08                     304 	.db #0x08	; 8
    00000102 08                     305 	.db #0x08	; 8
    00000103 07                     306 	.db #0x07	; 7
    00000104 08                     307 	.db #0x08	; 8
    00000105 08                     308 	.db #0x08	; 8
    00000106 08                     309 	.db #0x08	; 8
    00000107 06                     310 	.db #0x06	; 6
    00000108 08                     311 	.db #0x08	; 8
    00000109 08                     312 	.db #0x08	; 8
    0000010A 08                     313 	.db #0x08	; 8
    0000010B 08                     314 	.db #0x08	; 8
    0000010C 08                     315 	.db #0x08	; 8
    0000010D 08                     316 	.db #0x08	; 8
    0000010E 08                     317 	.db #0x08	; 8
    0000010F 06                     318 	.db #0x06	; 6
    00000110 08                     319 	.db #0x08	; 8
    00000111 08                     320 	.db #0x08	; 8
    00000112 08                     321 	.db #0x08	; 8
    00000113 08                     322 	.db #0x08	; 8
    00000114 08                     323 	.db #0x08	; 8
    00000115 08                     324 	.db #0x08	; 8
    00000116 08                     325 	.db #0x08	; 8
    00000117 08                     326 	.db #0x08	; 8
    00000118 08                     327 	.db #0x08	; 8
    00000119 08                     328 	.db #0x08	; 8
    0000011A 08                     329 	.db #0x08	; 8
    0000011B 08                     330 	.db #0x08	; 8
    0000011C 08                     331 	.db #0x08	; 8
    0000011D 08                     332 	.db #0x08	; 8
    0000011E 07                     333 	.db #0x07	; 7
    0000011F 08                     334 	.db #0x08	; 8
    00000120 08                     335 	.db #0x08	; 8
    00000121 06                     336 	.db #0x06	; 6
    00000122 08                     337 	.db #0x08	; 8
    00000123 08                     338 	.db #0x08	; 8
    00000124 08                     339 	.db #0x08	; 8
    00000125 08                     340 	.db #0x08	; 8
    00000126 07                     341 	.db #0x07	; 7
    00000127 08                     342 	.db #0x08	; 8
    00000128 08                     343 	.db #0x08	; 8
    00000129 08                     344 	.db #0x08	; 8
    0000012A 08                     345 	.db #0x08	; 8
    0000012B 08                     346 	.db #0x08	; 8
    0000012C 08                     347 	.db #0x08	; 8
    0000012D 08                     348 	.db #0x08	; 8
    0000012E 08                     349 	.db #0x08	; 8
    0000012F 08                     350 	.db #0x08	; 8
    00000130 08                     351 	.db #0x08	; 8
    00000131 08                     352 	.db #0x08	; 8
    00000132 08                     353 	.db #0x08	; 8
    00000133 06                     354 	.db #0x06	; 6
    00000134 08                     355 	.db #0x08	; 8
    00000135 08                     356 	.db #0x08	; 8
    00000136 08                     357 	.db #0x08	; 8
    00000137 08                     358 	.db #0x08	; 8
    00000138 08                     359 	.db #0x08	; 8
    00000139 08                     360 	.db #0x08	; 8
    0000013A 08                     361 	.db #0x08	; 8
    0000013B 08                     362 	.db #0x08	; 8
    0000013C 08                     363 	.db #0x08	; 8
    0000013D 08                     364 	.db #0x08	; 8
    0000013E 08                     365 	.db #0x08	; 8
    0000013F 08                     366 	.db #0x08	; 8
    00000140 08                     367 	.db #0x08	; 8
    00000141 07                     368 	.db #0x07	; 7
    00000142 08                     369 	.db #0x08	; 8
    00000143 08                     370 	.db #0x08	; 8
    00000144 08                     371 	.db #0x08	; 8
    00000145 08                     372 	.db #0x08	; 8
    00000146 08                     373 	.db #0x08	; 8
    00000147 08                     374 	.db #0x08	; 8
    00000148 08                     375 	.db #0x08	; 8
    00000149 08                     376 	.db #0x08	; 8
    0000014A 08                     377 	.db #0x08	; 8
    0000014B 08                     378 	.db #0x08	; 8
    0000014C 08                     379 	.db #0x08	; 8
    0000014D 08                     380 	.db #0x08	; 8
    0000014E 08                     381 	.db #0x08	; 8
    0000014F 08                     382 	.db #0x08	; 8
    00000150 08                     383 	.db #0x08	; 8
    00000151 08                     384 	.db #0x08	; 8
    00000152 08                     385 	.db #0x08	; 8
    00000153 08                     386 	.db #0x08	; 8
    00000154 08                     387 	.db #0x08	; 8
    00000155 08                     388 	.db #0x08	; 8
    00000156 08                     389 	.db #0x08	; 8
    00000157 08                     390 	.db #0x08	; 8
    00000158 08                     391 	.db #0x08	; 8
    00000159 08                     392 	.db #0x08	; 8
    0000015A 08                     393 	.db #0x08	; 8
    0000015B 08                     394 	.db #0x08	; 8
    0000015C 08                     395 	.db #0x08	; 8
    0000015D 08                     396 	.db #0x08	; 8
    0000015E 07                     397 	.db #0x07	; 7
    0000015F 08                     398 	.db #0x08	; 8
    00000160 08                     399 	.db #0x08	; 8
    00000161 08                     400 	.db #0x08	; 8
    00000162 08                     401 	.db #0x08	; 8
    00000163 06                     402 	.db #0x06	; 6
    00000164 08                     403 	.db #0x08	; 8
    00000165 08                     404 	.db #0x08	; 8
    00000166 08                     405 	.db #0x08	; 8
    00000167 07                     406 	.db #0x07	; 7
    00000168 08                     407 	.db #0x08	; 8
    00000169 08                     408 	.db #0x08	; 8
    0000016A 08                     409 	.db #0x08	; 8
    0000016B 08                     410 	.db #0x08	; 8
    0000016C 08                     411 	.db #0x08	; 8
    0000016D 08                     412 	.db #0x08	; 8
    0000016E 08                     413 	.db #0x08	; 8
    0000016F 08                     414 	.db #0x08	; 8
    00000170 08                     415 	.db #0x08	; 8
    00000171 08                     416 	.db #0x08	; 8
    00000172 08                     417 	.db #0x08	; 8
    00000173 08                     418 	.db #0x08	; 8
    00000174 08                     419 	.db #0x08	; 8
    00000175 08                     420 	.db #0x08	; 8
    00000176 08                     421 	.db #0x08	; 8
    00000177 08                     422 	.db #0x08	; 8
    00000178 08                     423 	.db #0x08	; 8
    00000179 08                     424 	.db #0x08	; 8
    0000017A 07                     425 	.db #0x07	; 7
    0000017B 08                     426 	.db #0x08	; 8
    0000017C 08                     427 	.db #0x08	; 8
    0000017D 08                     428 	.db #0x08	; 8
    0000017E 08                     429 	.db #0x08	; 8
    0000017F 08                     430 	.db #0x08	; 8
    00000180 07                     431 	.db #0x07	; 7
    00000181 08                     432 	.db #0x08	; 8
    00000182 08                     433 	.db #0x08	; 8
    00000183 08                     434 	.db #0x08	; 8
    00000184 08                     435 	.db #0x08	; 8
    00000185 08                     436 	.db #0x08	; 8
    00000186 08                     437 	.db #0x08	; 8
    00000187 08                     438 	.db #0x08	; 8
    00000188 08                     439 	.db #0x08	; 8
    00000189 08                     440 	.db #0x08	; 8
    0000018A 08                     441 	.db #0x08	; 8
    0000018B 08                     442 	.db #0x08	; 8
    0000018C 08                     443 	.db #0x08	; 8
    0000018D 08                     444 	.db #0x08	; 8
    0000018E 08                     445 	.db #0x08	; 8
    0000018F 08                     446 	.db #0x08	; 8
    00000190 08                     447 	.db #0x08	; 8
    00000191 08                     448 	.db #0x08	; 8
    00000192 08                     449 	.db #0x08	; 8
    00000193 08                     450 	.db #0x08	; 8
    00000194 06                     451 	.db #0x06	; 6
    00000195 08                     452 	.db #0x08	; 8
    00000196 08                     453 	.db #0x08	; 8
    00000197 08                     454 	.db #0x08	; 8
    00000198 08                     455 	.db #0x08	; 8
    00000199 07                     456 	.db #0x07	; 7
    0000019A 08                     457 	.db #0x08	; 8
    0000019B 08                     458 	.db #0x08	; 8
    0000019C 08                     459 	.db #0x08	; 8
    0000019D 08                     460 	.db #0x08	; 8
    0000019E 06                     461 	.db #0x06	; 6
    0000019F 08                     462 	.db #0x08	; 8
    000001A0 08                     463 	.db #0x08	; 8
    000001A1 08                     464 	.db #0x08	; 8
    000001A2 08                     465 	.db #0x08	; 8
    000001A3 08                     466 	.db #0x08	; 8
    000001A4 08                     467 	.db #0x08	; 8
    000001A5 06                     468 	.db #0x06	; 6
    000001A6 08                     469 	.db #0x08	; 8
    000001A7 08                     470 	.db #0x08	; 8
    000001A8 08                     471 	.db #0x08	; 8
    000001A9 08                     472 	.db #0x08	; 8
    000001AA 08                     473 	.db #0x08	; 8
    000001AB 06                     474 	.db #0x06	; 6
    000001AC 08                     475 	.db #0x08	; 8
    000001AD 08                     476 	.db #0x08	; 8
    000001AE 08                     477 	.db #0x08	; 8
    000001AF 08                     478 	.db #0x08	; 8
    000001B0 08                     479 	.db #0x08	; 8
    000001B1 08                     480 	.db #0x08	; 8
    000001B2 08                     481 	.db #0x08	; 8
    000001B3 08                     482 	.db #0x08	; 8
    000001B4 08                     483 	.db #0x08	; 8
    000001B5 08                     484 	.db #0x08	; 8
    000001B6 08                     485 	.db #0x08	; 8
    000001B7 08                     486 	.db #0x08	; 8
    000001B8 08                     487 	.db #0x08	; 8
    000001B9 08                     488 	.db #0x08	; 8
    000001BA 08                     489 	.db #0x08	; 8
    000001BB 08                     490 	.db #0x08	; 8
    000001BC 08                     491 	.db #0x08	; 8
    000001BD 08                     492 	.db #0x08	; 8
    000001BE 08                     493 	.db #0x08	; 8
    000001BF 08                     494 	.db #0x08	; 8
    000001C0 08                     495 	.db #0x08	; 8
    000001C1 08                     496 	.db #0x08	; 8
    000001C2 08                     497 	.db #0x08	; 8
    000001C3 08                     498 	.db #0x08	; 8
    000001C4 08                     499 	.db #0x08	; 8
    000001C5 08                     500 	.db #0x08	; 8
    000001C6 08                     501 	.db #0x08	; 8
    000001C7 08                     502 	.db #0x08	; 8
    000001C8 08                     503 	.db #0x08	; 8
    000001C9 08                     504 	.db #0x08	; 8
    000001CA 08                     505 	.db #0x08	; 8
    000001CB 08                     506 	.db #0x08	; 8
    000001CC 08                     507 	.db #0x08	; 8
    000001CD 08                     508 	.db #0x08	; 8
    000001CE 08                     509 	.db #0x08	; 8
    000001CF 08                     510 	.db #0x08	; 8
    000001D0 08                     511 	.db #0x08	; 8
    000001D1 08                     512 	.db #0x08	; 8
    000001D2 08                     513 	.db #0x08	; 8
    000001D3 08                     514 	.db #0x08	; 8
    000001D4 08                     515 	.db #0x08	; 8
    000001D5 08                     516 	.db #0x08	; 8
    000001D6 08                     517 	.db #0x08	; 8
    000001D7 08                     518 	.db #0x08	; 8
    000001D8 08                     519 	.db #0x08	; 8
    000001D9 06                     520 	.db #0x06	; 6
    000001DA 08                     521 	.db #0x08	; 8
    000001DB 08                     522 	.db #0x08	; 8
    000001DC 08                     523 	.db #0x08	; 8
    000001DD 06                     524 	.db #0x06	; 6
    000001DE 08                     525 	.db #0x08	; 8
    000001DF 08                     526 	.db #0x08	; 8
    000001E0 08                     527 	.db #0x08	; 8
    000001E1 08                     528 	.db #0x08	; 8
    000001E2 08                     529 	.db #0x08	; 8
    000001E3 08                     530 	.db #0x08	; 8
    000001E4 08                     531 	.db #0x08	; 8
    000001E5 08                     532 	.db #0x08	; 8
    000001E6 08                     533 	.db #0x08	; 8
    000001E7 08                     534 	.db #0x08	; 8
    000001E8 08                     535 	.db #0x08	; 8
    000001E9 08                     536 	.db #0x08	; 8
    000001EA 08                     537 	.db #0x08	; 8
    000001EB 08                     538 	.db #0x08	; 8
    000001EC 08                     539 	.db #0x08	; 8
    000001ED 08                     540 	.db #0x08	; 8
    000001EE 08                     541 	.db #0x08	; 8
    000001EF 08                     542 	.db #0x08	; 8
    000001F0 08                     543 	.db #0x08	; 8
    000001F1 08                     544 	.db #0x08	; 8
    000001F2 08                     545 	.db #0x08	; 8
    000001F3 08                     546 	.db #0x08	; 8
    000001F4 08                     547 	.db #0x08	; 8
    000001F5 08                     548 	.db #0x08	; 8
    000001F6 08                     549 	.db #0x08	; 8
    000001F7 08                     550 	.db #0x08	; 8
    000001F8 08                     551 	.db #0x08	; 8
    000001F9 08                     552 	.db #0x08	; 8
    000001FA 08                     553 	.db #0x08	; 8
    000001FB 08                     554 	.db #0x08	; 8
    000001FC 08                     555 	.db #0x08	; 8
    000001FD 08                     556 	.db #0x08	; 8
    000001FE 08                     557 	.db #0x08	; 8
    000001FF 08                     558 	.db #0x08	; 8
    00000200 08                     559 	.db #0x08	; 8
    00000201 08                     560 	.db #0x08	; 8
    00000202 08                     561 	.db #0x08	; 8
    00000203 08                     562 	.db #0x08	; 8
    00000204 08                     563 	.db #0x08	; 8
    00000205 08                     564 	.db #0x08	; 8
    00000206 08                     565 	.db #0x08	; 8
    00000207 08                     566 	.db #0x08	; 8
    00000208 04                     567 	.db #0x04	; 4
    00000209 05                     568 	.db #0x05	; 5
    0000020A 04                     569 	.db #0x04	; 4
    0000020B 05                     570 	.db #0x05	; 5
    0000020C 04                     571 	.db #0x04	; 4
    0000020D 05                     572 	.db #0x05	; 5
    0000020E 04                     573 	.db #0x04	; 4
    0000020F 05                     574 	.db #0x05	; 5
    00000210 04                     575 	.db #0x04	; 4
    00000211 05                     576 	.db #0x05	; 5
    00000212 04                     577 	.db #0x04	; 4
    00000213 05                     578 	.db #0x05	; 5
    00000214 04                     579 	.db #0x04	; 4
    00000215 05                     580 	.db #0x05	; 5
    00000216 04                     581 	.db #0x04	; 4
    00000217 05                     582 	.db #0x05	; 5
    00000218 04                     583 	.db #0x04	; 4
    00000219 05                     584 	.db #0x05	; 5
    0000021A 04                     585 	.db #0x04	; 4
    0000021B 05                     586 	.db #0x05	; 5
    0000021C 04                     587 	.db #0x04	; 4
    0000021D 05                     588 	.db #0x05	; 5
    0000021E 04                     589 	.db #0x04	; 4
    0000021F 05                     590 	.db #0x05	; 5
    00000220 04                     591 	.db #0x04	; 4
    00000221 05                     592 	.db #0x05	; 5
    00000222 04                     593 	.db #0x04	; 4
    00000223 05                     594 	.db #0x05	; 5
    00000224 04                     595 	.db #0x04	; 4
    00000225 05                     596 	.db #0x05	; 5
    00000226 04                     597 	.db #0x04	; 4
    00000227 05                     598 	.db #0x05	; 5
    00000228 04                     599 	.db #0x04	; 4
    00000229 05                     600 	.db #0x05	; 5
    0000022A 04                     601 	.db #0x04	; 4
    0000022B 05                     602 	.db #0x05	; 5
    0000022C 04                     603 	.db #0x04	; 4
    0000022D 05                     604 	.db #0x05	; 5
    0000022E 04                     605 	.db #0x04	; 4
    0000022F 05                     606 	.db #0x05	; 5
    00000230 00                     607 	.db #0x00	; 0
    00000231 00                     608 	.db #0x00	; 0
    00000232 00                     609 	.db #0x00	; 0
    00000233 00                     610 	.db #0x00	; 0
    00000234 00                     611 	.db #0x00	; 0
    00000235 00                     612 	.db #0x00	; 0
    00000236 00                     613 	.db #0x00	; 0
    00000237 00                     614 	.db #0x00	; 0
    00000238 00                     615 	.db #0x00	; 0
    00000239 00                     616 	.db #0x00	; 0
    0000023A 00                     617 	.db #0x00	; 0
    0000023B 00                     618 	.db #0x00	; 0
    0000023C 00                     619 	.db #0x00	; 0
    0000023D 00                     620 	.db #0x00	; 0
    0000023E 00                     621 	.db #0x00	; 0
    0000023F 00                     622 	.db #0x00	; 0
    00000240 00                     623 	.db #0x00	; 0
    00000241 00                     624 	.db #0x00	; 0
    00000242 00                     625 	.db #0x00	; 0
    00000243 00                     626 	.db #0x00	; 0
    00000244 00                     627 	.db #0x00	; 0
    00000245 00                     628 	.db #0x00	; 0
    00000246 00                     629 	.db #0x00	; 0
    00000247 00                     630 	.db #0x00	; 0
    00000248 00                     631 	.db #0x00	; 0
    00000249 00                     632 	.db #0x00	; 0
    0000024A 00                     633 	.db #0x00	; 0
    0000024B 00                     634 	.db #0x00	; 0
    0000024C 00                     635 	.db #0x00	; 0
    0000024D 00                     636 	.db #0x00	; 0
    0000024E 00                     637 	.db #0x00	; 0
    0000024F 00                     638 	.db #0x00	; 0
    00000250 00                     639 	.db #0x00	; 0
    00000251 00                     640 	.db #0x00	; 0
    00000252 00                     641 	.db #0x00	; 0
    00000253 00                     642 	.db #0x00	; 0
    00000254 00                     643 	.db #0x00	; 0
    00000255 00                     644 	.db #0x00	; 0
    00000256 00                     645 	.db #0x00	; 0
    00000257 00                     646 	.db #0x00	; 0
    00000258 00                     647 	.db #0x00	; 0
    00000259 00                     648 	.db #0x00	; 0
    0000025A 00                     649 	.db #0x00	; 0
    0000025B 00                     650 	.db #0x00	; 0
    0000025C 00                     651 	.db #0x00	; 0
    0000025D 00                     652 	.db #0x00	; 0
    0000025E 00                     653 	.db #0x00	; 0
    0000025F 00                     654 	.db #0x00	; 0
    00000260 00                     655 	.db #0x00	; 0
    00000261 00                     656 	.db #0x00	; 0
    00000262 00                     657 	.db #0x00	; 0
    00000263 00                     658 	.db #0x00	; 0
    00000264 00                     659 	.db #0x00	; 0
    00000265 00                     660 	.db #0x00	; 0
    00000266 00                     661 	.db #0x00	; 0
    00000267 00                     662 	.db #0x00	; 0
    00000268 00                     663 	.db #0x00	; 0
    00000269 00                     664 	.db #0x00	; 0
    0000026A 00                     665 	.db #0x00	; 0
    0000026B 00                     666 	.db #0x00	; 0
    0000026C 00                     667 	.db #0x00	; 0
    0000026D 00                     668 	.db #0x00	; 0
    0000026E 00                     669 	.db #0x00	; 0
    0000026F 00                     670 	.db #0x00	; 0
    00000270 00                     671 	.db #0x00	; 0
    00000271 00                     672 	.db #0x00	; 0
    00000272 00                     673 	.db #0x00	; 0
    00000273 00                     674 	.db #0x00	; 0
    00000274 00                     675 	.db #0x00	; 0
    00000275 00                     676 	.db #0x00	; 0
    00000276 00                     677 	.db #0x00	; 0
    00000277 00                     678 	.db #0x00	; 0
    00000278 00                     679 	.db #0x00	; 0
    00000279 00                     680 	.db #0x00	; 0
    0000027A 00                     681 	.db #0x00	; 0
    0000027B 00                     682 	.db #0x00	; 0
    0000027C 00                     683 	.db #0x00	; 0
    0000027D 00                     684 	.db #0x00	; 0
    0000027E 00                     685 	.db #0x00	; 0
    0000027F 00                     686 	.db #0x00	; 0
    00000280 00                     687 	.db #0x00	; 0
    00000281 00                     688 	.db #0x00	; 0
    00000282 00                     689 	.db #0x00	; 0
    00000283 00                     690 	.db #0x00	; 0
    00000284 00                     691 	.db #0x00	; 0
    00000285 00                     692 	.db #0x00	; 0
    00000286 00                     693 	.db #0x00	; 0
    00000287 00                     694 	.db #0x00	; 0
    00000288 00                     695 	.db #0x00	; 0
    00000289 00                     696 	.db #0x00	; 0
    0000028A 00                     697 	.db #0x00	; 0
    0000028B 00                     698 	.db #0x00	; 0
    0000028C 00                     699 	.db #0x00	; 0
    0000028D 00                     700 	.db #0x00	; 0
    0000028E 00                     701 	.db #0x00	; 0
    0000028F 00                     702 	.db #0x00	; 0
    00000290 00                     703 	.db #0x00	; 0
    00000291 00                     704 	.db #0x00	; 0
    00000292 00                     705 	.db #0x00	; 0
    00000293 00                     706 	.db #0x00	; 0
    00000294 00                     707 	.db #0x00	; 0
    00000295 00                     708 	.db #0x00	; 0
    00000296 00                     709 	.db #0x00	; 0
    00000297 00                     710 	.db #0x00	; 0
    00000298 00                     711 	.db #0x00	; 0
    00000299 00                     712 	.db #0x00	; 0
    0000029A 00                     713 	.db #0x00	; 0
    0000029B 00                     714 	.db #0x00	; 0
    0000029C 00                     715 	.db #0x00	; 0
    0000029D 00                     716 	.db #0x00	; 0
    0000029E 00                     717 	.db #0x00	; 0
    0000029F 00                     718 	.db #0x00	; 0
    000002A0 00                     719 	.db #0x00	; 0
    000002A1 00                     720 	.db #0x00	; 0
    000002A2 00                     721 	.db #0x00	; 0
    000002A3 00                     722 	.db #0x00	; 0
    000002A4 00                     723 	.db #0x00	; 0
    000002A5 00                     724 	.db #0x00	; 0
    000002A6 00                     725 	.db #0x00	; 0
    000002A7 00                     726 	.db #0x00	; 0
    000002A8 00                     727 	.db #0x00	; 0
    000002A9 00                     728 	.db #0x00	; 0
    000002AA 00                     729 	.db #0x00	; 0
    000002AB 00                     730 	.db #0x00	; 0
    000002AC 00                     731 	.db #0x00	; 0
    000002AD 00                     732 	.db #0x00	; 0
    000002AE 00                     733 	.db #0x00	; 0
    000002AF 00                     734 	.db #0x00	; 0
    000002B0 00                     735 	.db #0x00	; 0
    000002B1 00                     736 	.db #0x00	; 0
    000002B2 00                     737 	.db #0x00	; 0
    000002B3 00                     738 	.db #0x00	; 0
    000002B4 00                     739 	.db #0x00	; 0
    000002B5 00                     740 	.db #0x00	; 0
    000002B6 00                     741 	.db #0x00	; 0
    000002B7 00                     742 	.db #0x00	; 0
    000002B8 00                     743 	.db #0x00	; 0
    000002B9 00                     744 	.db #0x00	; 0
    000002BA 00                     745 	.db #0x00	; 0
    000002BB 00                     746 	.db #0x00	; 0
    000002BC 00                     747 	.db #0x00	; 0
    000002BD 00                     748 	.db #0x00	; 0
    000002BE 00                     749 	.db #0x00	; 0
    000002BF 00                     750 	.db #0x00	; 0
    000002C0 00                     751 	.db #0x00	; 0
    000002C1 00                     752 	.db #0x00	; 0
    000002C2 00                     753 	.db #0x00	; 0
    000002C3 00                     754 	.db #0x00	; 0
    000002C4 00                     755 	.db #0x00	; 0
    000002C5 00                     756 	.db #0x00	; 0
    000002C6 00                     757 	.db #0x00	; 0
    000002C7 00                     758 	.db #0x00	; 0
    000002C8 00                     759 	.db #0x00	; 0
    000002C9 00                     760 	.db #0x00	; 0
    000002CA 00                     761 	.db #0x00	; 0
    000002CB 00                     762 	.db #0x00	; 0
    000002CC 00                     763 	.db #0x00	; 0
    000002CD 00                     764 	.db #0x00	; 0
    000002CE 00                     765 	.db #0x00	; 0
    000002CF 00                     766 	.db #0x00	; 0
                                    767 	.area _CABS (ABS)
