                                      1 ;--------------------------------------------------------
                                      2 ; File Created by SDCC : free open source ISO C Compiler
                                      3 ; Version 4.5.1 #15267 (MINGW64)
                                      4 ;--------------------------------------------------------
                                      5 	.module bigamogus
                                      6 	
                                      7 ;--------------------------------------------------------
                                      8 ; Public variables in this module
                                      9 ;--------------------------------------------------------
                                     10 	.globl _bigamogus
                                     11 ;--------------------------------------------------------
                                     12 ; special function registers
                                     13 ;--------------------------------------------------------
                                     14 ;--------------------------------------------------------
                                     15 ; ram data
                                     16 ;--------------------------------------------------------
                                     17 	.area _DATA
                                     18 ;--------------------------------------------------------
                                     19 ; ram data
                                     20 ;--------------------------------------------------------
                                     21 	.area _INITIALIZED
    00000000                         22 _bigamogus::
    00000000                         23 	.ds 192
                                     24 ;--------------------------------------------------------
                                     25 ; absolute external ram data
                                     26 ;--------------------------------------------------------
                                     27 	.area _DABS (ABS)
                                     28 ;--------------------------------------------------------
                                     29 ; global & static initialisations
                                     30 ;--------------------------------------------------------
                                     31 	.area _HOME
                                     32 	.area _GSINIT
                                     33 	.area _GSFINAL
                                     34 	.area _GSINIT
                                     35 ;--------------------------------------------------------
                                     36 ; Home
                                     37 ;--------------------------------------------------------
                                     38 	.area _HOME
                                     39 	.area _HOME
                                     40 ;--------------------------------------------------------
                                     41 ; code
                                     42 ;--------------------------------------------------------
                                     43 	.area _CODE
                                     44 	.area _CODE
                                     45 	.area _INITIALIZER
    00000000                         46 __xinit__bigamogus:
    00000000 00                      47 	.db #0x00	; 0
    00000001 00                      48 	.db #0x00	; 0
    00000002 07                      49 	.db #0x07	; 7
    00000003 00                      50 	.db #0x00	; 0
    00000004 0F                      51 	.db #0x0f	; 15
    00000005 00                      52 	.db #0x00	; 0
    00000006 01                      53 	.db #0x01	; 1
    00000007 00                      54 	.db #0x00	; 0
    00000008 01                      55 	.db #0x01	; 1
    00000009 00                      56 	.db #0x00	; 0
    0000000A 0F                      57 	.db #0x0f	; 15
    0000000B 00                      58 	.db #0x00	; 0
    0000000C 0F                      59 	.db #0x0f	; 15
    0000000D 00                      60 	.db #0x00	; 0
    0000000E 1F                      61 	.db #0x1f	; 31
    0000000F 00                      62 	.db #0x00	; 0
    00000010 3F                      63 	.db #0x3f	; 63
    00000011 00                      64 	.db #0x00	; 0
    00000012 6F                      65 	.db #0x6f	; 111	'o'
    00000013 00                      66 	.db #0x00	; 0
    00000014 4C                      67 	.db #0x4c	; 76	'L'
    00000015 00                      68 	.db #0x00	; 0
    00000016 4C                      69 	.db #0x4c	; 76	'L'
    00000017 00                      70 	.db #0x00	; 0
    00000018 0C                      71 	.db #0x0c	; 12
    00000019 00                      72 	.db #0x00	; 0
    0000001A 0C                      73 	.db #0x0c	; 12
    0000001B 00                      74 	.db #0x00	; 0
    0000001C 0C                      75 	.db #0x0c	; 12
    0000001D 00                      76 	.db #0x00	; 0
    0000001E 0C                      77 	.db #0x0c	; 12
    0000001F 00                      78 	.db #0x00	; 0
    00000020 00                      79 	.db #0x00	; 0
    00000021 00                      80 	.db #0x00	; 0
    00000022 E0                      81 	.db #0xe0	; 224
    00000023 00                      82 	.db #0x00	; 0
    00000024 F0                      83 	.db #0xf0	; 240
    00000025 0C                      84 	.db #0x0c	; 12
    00000026 F8                      85 	.db #0xf8	; 248
    00000027 06                      86 	.db #0x06	; 6
    00000028 FC                      87 	.db #0xfc	; 252
    00000029 02                      88 	.db #0x02	; 2
    0000002A FC                      89 	.db #0xfc	; 252
    0000002B 02                      90 	.db #0x02	; 2
    0000002C FC                      91 	.db #0xfc	; 252
    0000002D 02                      92 	.db #0x02	; 2
    0000002E F8                      93 	.db #0xf8	; 248
    0000002F 06                      94 	.db #0x06	; 6
    00000030 FC                      95 	.db #0xfc	; 252
    00000031 00                      96 	.db #0x00	; 0
    00000032 F6                      97 	.db #0xf6	; 246
    00000033 00                      98 	.db #0x00	; 0
    00000034 32                      99 	.db #0x32	; 50	'2'
    00000035 00                     100 	.db #0x00	; 0
    00000036 32                     101 	.db #0x32	; 50	'2'
    00000037 00                     102 	.db #0x00	; 0
    00000038 30                     103 	.db #0x30	; 48	'0'
    00000039 00                     104 	.db #0x00	; 0
    0000003A 30                     105 	.db #0x30	; 48	'0'
    0000003B 00                     106 	.db #0x00	; 0
    0000003C 30                     107 	.db #0x30	; 48	'0'
    0000003D 00                     108 	.db #0x00	; 0
    0000003E 30                     109 	.db #0x30	; 48	'0'
    0000003F 00                     110 	.db #0x00	; 0
    00000040 00                     111 	.db #0x00	; 0
    00000041 00                     112 	.db #0x00	; 0
    00000042 07                     113 	.db #0x07	; 7
    00000043 00                     114 	.db #0x00	; 0
    00000044 0F                     115 	.db #0x0f	; 15
    00000045 00                     116 	.db #0x00	; 0
    00000046 01                     117 	.db #0x01	; 1
    00000047 00                     118 	.db #0x00	; 0
    00000048 01                     119 	.db #0x01	; 1
    00000049 00                     120 	.db #0x00	; 0
    0000004A 0F                     121 	.db #0x0f	; 15
    0000004B 00                     122 	.db #0x00	; 0
    0000004C 0F                     123 	.db #0x0f	; 15
    0000004D 00                     124 	.db #0x00	; 0
    0000004E 1F                     125 	.db #0x1f	; 31
    0000004F 00                     126 	.db #0x00	; 0
    00000050 3F                     127 	.db #0x3f	; 63
    00000051 00                     128 	.db #0x00	; 0
    00000052 6F                     129 	.db #0x6f	; 111	'o'
    00000053 00                     130 	.db #0x00	; 0
    00000054 4C                     131 	.db #0x4c	; 76	'L'
    00000055 00                     132 	.db #0x00	; 0
    00000056 4C                     133 	.db #0x4c	; 76	'L'
    00000057 00                     134 	.db #0x00	; 0
    00000058 1C                     135 	.db #0x1c	; 28
    00000059 00                     136 	.db #0x00	; 0
    0000005A 1C                     137 	.db #0x1c	; 28
    0000005B 00                     138 	.db #0x00	; 0
    0000005C 38                     139 	.db #0x38	; 56	'8'
    0000005D 00                     140 	.db #0x00	; 0
    0000005E 70                     141 	.db #0x70	; 112	'p'
    0000005F 00                     142 	.db #0x00	; 0
    00000060 00                     143 	.db #0x00	; 0
    00000061 00                     144 	.db #0x00	; 0
    00000062 E0                     145 	.db #0xe0	; 224
    00000063 00                     146 	.db #0x00	; 0
    00000064 F0                     147 	.db #0xf0	; 240
    00000065 0C                     148 	.db #0x0c	; 12
    00000066 F8                     149 	.db #0xf8	; 248
    00000067 06                     150 	.db #0x06	; 6
    00000068 FC                     151 	.db #0xfc	; 252
    00000069 02                     152 	.db #0x02	; 2
    0000006A FC                     153 	.db #0xfc	; 252
    0000006B 02                     154 	.db #0x02	; 2
    0000006C FC                     155 	.db #0xfc	; 252
    0000006D 02                     156 	.db #0x02	; 2
    0000006E F8                     157 	.db #0xf8	; 248
    0000006F 06                     158 	.db #0x06	; 6
    00000070 FC                     159 	.db #0xfc	; 252
    00000071 00                     160 	.db #0x00	; 0
    00000072 F6                     161 	.db #0xf6	; 246
    00000073 00                     162 	.db #0x00	; 0
    00000074 32                     163 	.db #0x32	; 50	'2'
    00000075 00                     164 	.db #0x00	; 0
    00000076 32                     165 	.db #0x32	; 50	'2'
    00000077 00                     166 	.db #0x00	; 0
    00000078 30                     167 	.db #0x30	; 48	'0'
    00000079 00                     168 	.db #0x00	; 0
    0000007A 30                     169 	.db #0x30	; 48	'0'
    0000007B 00                     170 	.db #0x00	; 0
    0000007C 38                     171 	.db #0x38	; 56	'8'
    0000007D 00                     172 	.db #0x00	; 0
    0000007E 1C                     173 	.db #0x1c	; 28
    0000007F 00                     174 	.db #0x00	; 0
    00000080 00                     175 	.db #0x00	; 0
    00000081 00                     176 	.db #0x00	; 0
    00000082 07                     177 	.db #0x07	; 7
    00000083 00                     178 	.db #0x00	; 0
    00000084 0F                     179 	.db #0x0f	; 15
    00000085 00                     180 	.db #0x00	; 0
    00000086 01                     181 	.db #0x01	; 1
    00000087 00                     182 	.db #0x00	; 0
    00000088 01                     183 	.db #0x01	; 1
    00000089 00                     184 	.db #0x00	; 0
    0000008A 0F                     185 	.db #0x0f	; 15
    0000008B 00                     186 	.db #0x00	; 0
    0000008C 0F                     187 	.db #0x0f	; 15
    0000008D 00                     188 	.db #0x00	; 0
    0000008E 1F                     189 	.db #0x1f	; 31
    0000008F 00                     190 	.db #0x00	; 0
    00000090 3F                     191 	.db #0x3f	; 63
    00000091 00                     192 	.db #0x00	; 0
    00000092 6F                     193 	.db #0x6f	; 111	'o'
    00000093 00                     194 	.db #0x00	; 0
    00000094 4C                     195 	.db #0x4c	; 76	'L'
    00000095 00                     196 	.db #0x00	; 0
    00000096 4C                     197 	.db #0x4c	; 76	'L'
    00000097 00                     198 	.db #0x00	; 0
    00000098 0C                     199 	.db #0x0c	; 12
    00000099 00                     200 	.db #0x00	; 0
    0000009A 0C                     201 	.db #0x0c	; 12
    0000009B 00                     202 	.db #0x00	; 0
    0000009C 0C                     203 	.db #0x0c	; 12
    0000009D 00                     204 	.db #0x00	; 0
    0000009E 0C                     205 	.db #0x0c	; 12
    0000009F 00                     206 	.db #0x00	; 0
    000000A0 00                     207 	.db #0x00	; 0
    000000A1 00                     208 	.db #0x00	; 0
    000000A2 E0                     209 	.db #0xe0	; 224
    000000A3 00                     210 	.db #0x00	; 0
    000000A4 F0                     211 	.db #0xf0	; 240
    000000A5 0C                     212 	.db #0x0c	; 12
    000000A6 F8                     213 	.db #0xf8	; 248
    000000A7 06                     214 	.db #0x06	; 6
    000000A8 FC                     215 	.db #0xfc	; 252
    000000A9 02                     216 	.db #0x02	; 2
    000000AA FC                     217 	.db #0xfc	; 252
    000000AB 02                     218 	.db #0x02	; 2
    000000AC FC                     219 	.db #0xfc	; 252
    000000AD 02                     220 	.db #0x02	; 2
    000000AE F8                     221 	.db #0xf8	; 248
    000000AF 06                     222 	.db #0x06	; 6
    000000B0 FC                     223 	.db #0xfc	; 252
    000000B1 00                     224 	.db #0x00	; 0
    000000B2 F6                     225 	.db #0xf6	; 246
    000000B3 00                     226 	.db #0x00	; 0
    000000B4 32                     227 	.db #0x32	; 50	'2'
    000000B5 00                     228 	.db #0x00	; 0
    000000B6 32                     229 	.db #0x32	; 50	'2'
    000000B7 00                     230 	.db #0x00	; 0
    000000B8 30                     231 	.db #0x30	; 48	'0'
    000000B9 00                     232 	.db #0x00	; 0
    000000BA 30                     233 	.db #0x30	; 48	'0'
    000000BB 00                     234 	.db #0x00	; 0
    000000BC 38                     235 	.db #0x38	; 56	'8'
    000000BD 00                     236 	.db #0x00	; 0
    000000BE 1C                     237 	.db #0x1c	; 28
    000000BF 00                     238 	.db #0x00	; 0
                                    239 	.area _CABS (ABS)
