                                      1 ;--------------------------------------------------------
                                      2 ; File Created by SDCC : free open source ISO C Compiler
                                      3 ; Version 4.5.1 #15267 (MINGW64)
                                      4 ;--------------------------------------------------------
                                      5 	.module ghostamogus
                                      6 	
                                      7 ;--------------------------------------------------------
                                      8 ; Public variables in this module
                                      9 ;--------------------------------------------------------
                                     10 	.globl _ghostamogus
                                     11 ;--------------------------------------------------------
                                     12 ; special function registers
                                     13 ;--------------------------------------------------------
                                     14 ;--------------------------------------------------------
                                     15 ; ram data
                                     16 ;--------------------------------------------------------
                                     17 	.area _DATA
                                     18 ;--------------------------------------------------------
                                     19 ; ram data
                                     20 ;--------------------------------------------------------
                                     21 	.area _INITIALIZED
    00000000                         22 _ghostamogus::
    00000000                         23 	.ds 64
                                     24 ;--------------------------------------------------------
                                     25 ; absolute external ram data
                                     26 ;--------------------------------------------------------
                                     27 	.area _DABS (ABS)
                                     28 ;--------------------------------------------------------
                                     29 ; global & static initialisations
                                     30 ;--------------------------------------------------------
                                     31 	.area _HOME
                                     32 	.area _GSINIT
                                     33 	.area _GSFINAL
                                     34 	.area _GSINIT
                                     35 ;--------------------------------------------------------
                                     36 ; Home
                                     37 ;--------------------------------------------------------
                                     38 	.area _HOME
                                     39 	.area _HOME
                                     40 ;--------------------------------------------------------
                                     41 ; code
                                     42 ;--------------------------------------------------------
                                     43 	.area _CODE
                                     44 	.area _CODE
                                     45 	.area _INITIALIZER
    00000000                         46 __xinit__ghostamogus:
    00000000 00                      47 	.db #0x00	; 0
    00000001 00                      48 	.db #0x00	; 0
    00000002 00                      49 	.db #0x00	; 0
    00000003 00                      50 	.db #0x00	; 0
    00000004 07                      51 	.db #0x07	; 7
    00000005 00                      52 	.db #0x00	; 0
    00000006 0F                      53 	.db #0x0f	; 15
    00000007 00                      54 	.db #0x00	; 0
    00000008 01                      55 	.db #0x01	; 1
    00000009 00                      56 	.db #0x00	; 0
    0000000A 01                      57 	.db #0x01	; 1
    0000000B 00                      58 	.db #0x00	; 0
    0000000C 0F                      59 	.db #0x0f	; 15
    0000000D 00                      60 	.db #0x00	; 0
    0000000E 0F                      61 	.db #0x0f	; 15
    0000000F 00                      62 	.db #0x00	; 0
    00000010 0F                      63 	.db #0x0f	; 15
    00000011 00                      64 	.db #0x00	; 0
    00000012 0F                      65 	.db #0x0f	; 15
    00000013 00                      66 	.db #0x00	; 0
    00000014 0F                      67 	.db #0x0f	; 15
    00000015 00                      68 	.db #0x00	; 0
    00000016 07                      69 	.db #0x07	; 7
    00000017 00                      70 	.db #0x00	; 0
    00000018 03                      71 	.db #0x03	; 3
    00000019 00                      72 	.db #0x00	; 0
    0000001A 01                      73 	.db #0x01	; 1
    0000001B 00                      74 	.db #0x00	; 0
    0000001C 00                      75 	.db #0x00	; 0
    0000001D 00                      76 	.db #0x00	; 0
    0000001E 00                      77 	.db #0x00	; 0
    0000001F 00                      78 	.db #0x00	; 0
    00000020 00                      79 	.db #0x00	; 0
    00000021 00                      80 	.db #0x00	; 0
    00000022 00                      81 	.db #0x00	; 0
    00000023 00                      82 	.db #0x00	; 0
    00000024 E0                      83 	.db #0xe0	; 224
    00000025 00                      84 	.db #0x00	; 0
    00000026 F0                      85 	.db #0xf0	; 240
    00000027 00                      86 	.db #0x00	; 0
    00000028 F0                      87 	.db #0xf0	; 240
    00000029 00                      88 	.db #0x00	; 0
    0000002A F0                      89 	.db #0xf0	; 240
    0000002B 00                      90 	.db #0x00	; 0
    0000002C F0                      91 	.db #0xf0	; 240
    0000002D 00                      92 	.db #0x00	; 0
    0000002E F0                      93 	.db #0xf0	; 240
    0000002F 00                      94 	.db #0x00	; 0
    00000030 F0                      95 	.db #0xf0	; 240
    00000031 00                      96 	.db #0x00	; 0
    00000032 F0                      97 	.db #0xf0	; 240
    00000033 00                      98 	.db #0x00	; 0
    00000034 FE                      99 	.db #0xfe	; 254
    00000035 00                     100 	.db #0x00	; 0
    00000036 FE                     101 	.db #0xfe	; 254
    00000037 00                     102 	.db #0x00	; 0
    00000038 F8                     103 	.db #0xf8	; 248
    00000039 00                     104 	.db #0x00	; 0
    0000003A F0                     105 	.db #0xf0	; 240
    0000003B 00                     106 	.db #0x00	; 0
    0000003C 00                     107 	.db #0x00	; 0
    0000003D 00                     108 	.db #0x00	; 0
    0000003E 00                     109 	.db #0x00	; 0
    0000003F 00                     110 	.db #0x00	; 0
                                    111 	.area _CABS (ABS)
