                                      1 ;--------------------------------------------------------
                                      2 ; File Created by SDCC : free open source ISO C Compiler
                                      3 ; Version 4.5.1 #15267 (MINGW64)
                                      4 ;--------------------------------------------------------
                                      5 	.module hatamogus
                                      6 	
                                      7 ;--------------------------------------------------------
                                      8 ; Public variables in this module
                                      9 ;--------------------------------------------------------
                                     10 	.globl _hatamogus
                                     11 ;--------------------------------------------------------
                                     12 ; special function registers
                                     13 ;--------------------------------------------------------
                                     14 ;--------------------------------------------------------
                                     15 ; ram data
                                     16 ;--------------------------------------------------------
                                     17 	.area _DATA
                                     18 ;--------------------------------------------------------
                                     19 ; ram data
                                     20 ;--------------------------------------------------------
                                     21 	.area _INITIALIZED
    00000000                         22 _hatamogus::
    00000000                         23 	.ds 192
                                     24 ;--------------------------------------------------------
                                     25 ; absolute external ram data
                                     26 ;--------------------------------------------------------
                                     27 	.area _DABS (ABS)
                                     28 ;--------------------------------------------------------
                                     29 ; global & static initialisations
                                     30 ;--------------------------------------------------------
                                     31 	.area _HOME
                                     32 	.area _GSINIT
                                     33 	.area _GSFINAL
                                     34 	.area _GSINIT
                                     35 ;--------------------------------------------------------
                                     36 ; Home
                                     37 ;--------------------------------------------------------
                                     38 	.area _HOME
                                     39 	.area _HOME
                                     40 ;--------------------------------------------------------
                                     41 ; code
                                     42 ;--------------------------------------------------------
                                     43 	.area _CODE
                                     44 	.area _CODE
                                     45 	.area _INITIALIZER
    00000000                         46 __xinit__hatamogus:
    00000000 00                      47 	.db #0x00	; 0
    00000001 00                      48 	.db #0x00	; 0
    00000002 00                      49 	.db #0x00	; 0
    00000003 00                      50 	.db #0x00	; 0
    00000004 00                      51 	.db #0x00	; 0
    00000005 00                      52 	.db #0x00	; 0
    00000006 00                      53 	.db #0x00	; 0
    00000007 07                      54 	.db #0x07	; 7
    00000008 00                      55 	.db #0x00	; 0
    00000009 07                      56 	.db #0x07	; 7
    0000000A 00                      57 	.db #0x00	; 0
    0000000B 1F                      58 	.db #0x1f	; 31
    0000000C 00                      59 	.db #0x00	; 0
    0000000D 1F                      60 	.db #0x1f	; 31
    0000000E 0F                      61 	.db #0x0f	; 15
    0000000F 00                      62 	.db #0x00	; 0
    00000010 01                      63 	.db #0x01	; 1
    00000011 00                      64 	.db #0x00	; 0
    00000012 01                      65 	.db #0x01	; 1
    00000013 00                      66 	.db #0x00	; 0
    00000014 0F                      67 	.db #0x0f	; 15
    00000015 00                      68 	.db #0x00	; 0
    00000016 0F                      69 	.db #0x0f	; 15
    00000017 00                      70 	.db #0x00	; 0
    00000018 0F                      71 	.db #0x0f	; 15
    00000019 00                      72 	.db #0x00	; 0
    0000001A 0F                      73 	.db #0x0f	; 15
    0000001B 00                      74 	.db #0x00	; 0
    0000001C 0F                      75 	.db #0x0f	; 15
    0000001D 00                      76 	.db #0x00	; 0
    0000001E 0C                      77 	.db #0x0c	; 12
    0000001F 00                      78 	.db #0x00	; 0
    00000020 00                      79 	.db #0x00	; 0
    00000021 00                      80 	.db #0x00	; 0
    00000022 00                      81 	.db #0x00	; 0
    00000023 00                      82 	.db #0x00	; 0
    00000024 00                      83 	.db #0x00	; 0
    00000025 00                      84 	.db #0x00	; 0
    00000026 00                      85 	.db #0x00	; 0
    00000027 E0                      86 	.db #0xe0	; 224
    00000028 00                      87 	.db #0x00	; 0
    00000029 E0                      88 	.db #0xe0	; 224
    0000002A 00                      89 	.db #0x00	; 0
    0000002B F8                      90 	.db #0xf8	; 248
    0000002C 00                      91 	.db #0x00	; 0
    0000002D F8                      92 	.db #0xf8	; 248
    0000002E F0                      93 	.db #0xf0	; 240
    0000002F 0C                      94 	.db #0x0c	; 12
    00000030 F8                      95 	.db #0xf8	; 248
    00000031 06                      96 	.db #0x06	; 6
    00000032 FC                      97 	.db #0xfc	; 252
    00000033 02                      98 	.db #0x02	; 2
    00000034 FC                      99 	.db #0xfc	; 252
    00000035 02                     100 	.db #0x02	; 2
    00000036 FC                     101 	.db #0xfc	; 252
    00000037 02                     102 	.db #0x02	; 2
    00000038 F8                     103 	.db #0xf8	; 248
    00000039 06                     104 	.db #0x06	; 6
    0000003A F0                     105 	.db #0xf0	; 240
    0000003B 0C                     106 	.db #0x0c	; 12
    0000003C F0                     107 	.db #0xf0	; 240
    0000003D 00                     108 	.db #0x00	; 0
    0000003E 30                     109 	.db #0x30	; 48	'0'
    0000003F 00                     110 	.db #0x00	; 0
    00000040 00                     111 	.db #0x00	; 0
    00000041 00                     112 	.db #0x00	; 0
    00000042 00                     113 	.db #0x00	; 0
    00000043 00                     114 	.db #0x00	; 0
    00000044 00                     115 	.db #0x00	; 0
    00000045 00                     116 	.db #0x00	; 0
    00000046 00                     117 	.db #0x00	; 0
    00000047 07                     118 	.db #0x07	; 7
    00000048 00                     119 	.db #0x00	; 0
    00000049 07                     120 	.db #0x07	; 7
    0000004A 00                     121 	.db #0x00	; 0
    0000004B 1F                     122 	.db #0x1f	; 31
    0000004C 00                     123 	.db #0x00	; 0
    0000004D 1F                     124 	.db #0x1f	; 31
    0000004E 0F                     125 	.db #0x0f	; 15
    0000004F 00                     126 	.db #0x00	; 0
    00000050 01                     127 	.db #0x01	; 1
    00000051 00                     128 	.db #0x00	; 0
    00000052 01                     129 	.db #0x01	; 1
    00000053 00                     130 	.db #0x00	; 0
    00000054 0F                     131 	.db #0x0f	; 15
    00000055 00                     132 	.db #0x00	; 0
    00000056 0F                     133 	.db #0x0f	; 15
    00000057 00                     134 	.db #0x00	; 0
    00000058 0F                     135 	.db #0x0f	; 15
    00000059 00                     136 	.db #0x00	; 0
    0000005A 0F                     137 	.db #0x0f	; 15
    0000005B 00                     138 	.db #0x00	; 0
    0000005C 0F                     139 	.db #0x0f	; 15
    0000005D 00                     140 	.db #0x00	; 0
    0000005E 18                     141 	.db #0x18	; 24
    0000005F 00                     142 	.db #0x00	; 0
    00000060 00                     143 	.db #0x00	; 0
    00000061 00                     144 	.db #0x00	; 0
    00000062 00                     145 	.db #0x00	; 0
    00000063 00                     146 	.db #0x00	; 0
    00000064 00                     147 	.db #0x00	; 0
    00000065 00                     148 	.db #0x00	; 0
    00000066 00                     149 	.db #0x00	; 0
    00000067 E0                     150 	.db #0xe0	; 224
    00000068 00                     151 	.db #0x00	; 0
    00000069 E0                     152 	.db #0xe0	; 224
    0000006A 00                     153 	.db #0x00	; 0
    0000006B F8                     154 	.db #0xf8	; 248
    0000006C 00                     155 	.db #0x00	; 0
    0000006D F8                     156 	.db #0xf8	; 248
    0000006E F0                     157 	.db #0xf0	; 240
    0000006F 0C                     158 	.db #0x0c	; 12
    00000070 F8                     159 	.db #0xf8	; 248
    00000071 06                     160 	.db #0x06	; 6
    00000072 FC                     161 	.db #0xfc	; 252
    00000073 02                     162 	.db #0x02	; 2
    00000074 FC                     163 	.db #0xfc	; 252
    00000075 02                     164 	.db #0x02	; 2
    00000076 FC                     165 	.db #0xfc	; 252
    00000077 02                     166 	.db #0x02	; 2
    00000078 F8                     167 	.db #0xf8	; 248
    00000079 06                     168 	.db #0x06	; 6
    0000007A F0                     169 	.db #0xf0	; 240
    0000007B 0C                     170 	.db #0x0c	; 12
    0000007C F0                     171 	.db #0xf0	; 240
    0000007D 00                     172 	.db #0x00	; 0
    0000007E 18                     173 	.db #0x18	; 24
    0000007F 00                     174 	.db #0x00	; 0
    00000080 00                     175 	.db #0x00	; 0
    00000081 00                     176 	.db #0x00	; 0
    00000082 00                     177 	.db #0x00	; 0
    00000083 00                     178 	.db #0x00	; 0
    00000084 00                     179 	.db #0x00	; 0
    00000085 00                     180 	.db #0x00	; 0
    00000086 00                     181 	.db #0x00	; 0
    00000087 07                     182 	.db #0x07	; 7
    00000088 00                     183 	.db #0x00	; 0
    00000089 07                     184 	.db #0x07	; 7
    0000008A 00                     185 	.db #0x00	; 0
    0000008B 1F                     186 	.db #0x1f	; 31
    0000008C 00                     187 	.db #0x00	; 0
    0000008D 1F                     188 	.db #0x1f	; 31
    0000008E 0F                     189 	.db #0x0f	; 15
    0000008F 00                     190 	.db #0x00	; 0
    00000090 01                     191 	.db #0x01	; 1
    00000091 00                     192 	.db #0x00	; 0
    00000092 01                     193 	.db #0x01	; 1
    00000093 00                     194 	.db #0x00	; 0
    00000094 0F                     195 	.db #0x0f	; 15
    00000095 00                     196 	.db #0x00	; 0
    00000096 0F                     197 	.db #0x0f	; 15
    00000097 00                     198 	.db #0x00	; 0
    00000098 0F                     199 	.db #0x0f	; 15
    00000099 00                     200 	.db #0x00	; 0
    0000009A 0F                     201 	.db #0x0f	; 15
    0000009B 00                     202 	.db #0x00	; 0
    0000009C 0F                     203 	.db #0x0f	; 15
    0000009D 00                     204 	.db #0x00	; 0
    0000009E 0C                     205 	.db #0x0c	; 12
    0000009F 00                     206 	.db #0x00	; 0
    000000A0 00                     207 	.db #0x00	; 0
    000000A1 00                     208 	.db #0x00	; 0
    000000A2 00                     209 	.db #0x00	; 0
    000000A3 00                     210 	.db #0x00	; 0
    000000A4 00                     211 	.db #0x00	; 0
    000000A5 00                     212 	.db #0x00	; 0
    000000A6 00                     213 	.db #0x00	; 0
    000000A7 E0                     214 	.db #0xe0	; 224
    000000A8 00                     215 	.db #0x00	; 0
    000000A9 E0                     216 	.db #0xe0	; 224
    000000AA 00                     217 	.db #0x00	; 0
    000000AB F8                     218 	.db #0xf8	; 248
    000000AC 00                     219 	.db #0x00	; 0
    000000AD F8                     220 	.db #0xf8	; 248
    000000AE F0                     221 	.db #0xf0	; 240
    000000AF 0C                     222 	.db #0x0c	; 12
    000000B0 F8                     223 	.db #0xf8	; 248
    000000B1 06                     224 	.db #0x06	; 6
    000000B2 FC                     225 	.db #0xfc	; 252
    000000B3 02                     226 	.db #0x02	; 2
    000000B4 FC                     227 	.db #0xfc	; 252
    000000B5 02                     228 	.db #0x02	; 2
    000000B6 FC                     229 	.db #0xfc	; 252
    000000B7 02                     230 	.db #0x02	; 2
    000000B8 F8                     231 	.db #0xf8	; 248
    000000B9 06                     232 	.db #0x06	; 6
    000000BA F0                     233 	.db #0xf0	; 240
    000000BB 0C                     234 	.db #0x0c	; 12
    000000BC F0                     235 	.db #0xf0	; 240
    000000BD 00                     236 	.db #0x00	; 0
    000000BE 18                     237 	.db #0x18	; 24
    000000BF 00                     238 	.db #0x00	; 0
                                    239 	.area _CABS (ABS)
