                                      1 ;--------------------------------------------------------
                                      2 ; File Created by SDCC : free open source ISO C Compiler
                                      3 ; Version 4.5.1 #15267 (MINGW64)
                                      4 ;--------------------------------------------------------
                                      5 	.module ui
                                      6 	
                                      7 ;--------------------------------------------------------
                                      8 ; Public variables in this module
                                      9 ;--------------------------------------------------------
                                     10 	.globl _playSound
                                     11 	.globl _printf
                                     12 	.globl _gotoxy
                                     13 	.globl _fill_bkg_rect
                                     14 	.globl _wait_vbl_done
                                     15 	.globl _joypad
                                     16 	.globl _drawHearts
                                     17 	.globl _drawScore
                                     18 	.globl _drawWave
                                     19 	.globl _showStartScreen
                                     20 	.globl _showGameOverScreen
                                     21 ;--------------------------------------------------------
                                     22 ; special function registers
                                     23 ;--------------------------------------------------------
                                     24 ;--------------------------------------------------------
                                     25 ; ram data
                                     26 ;--------------------------------------------------------
                                     27 	.area _DATA
                                     28 ;--------------------------------------------------------
                                     29 ; ram data
                                     30 ;--------------------------------------------------------
                                     31 	.area _INITIALIZED
                                     32 ;--------------------------------------------------------
                                     33 ; absolute external ram data
                                     34 ;--------------------------------------------------------
                                     35 	.area _DABS (ABS)
                                     36 ;--------------------------------------------------------
                                     37 ; global & static initialisations
                                     38 ;--------------------------------------------------------
                                     39 	.area _HOME
                                     40 	.area _GSINIT
                                     41 	.area _GSFINAL
                                     42 	.area _GSINIT
                                     43 ;--------------------------------------------------------
                                     44 ; Home
                                     45 ;--------------------------------------------------------
                                     46 	.area _HOME
                                     47 	.area _HOME
                                     48 ;--------------------------------------------------------
                                     49 ; code
                                     50 ;--------------------------------------------------------
                                     51 	.area _CODE
                                     52 ;src/ui.c:11: void drawHearts(void)
                                     53 ;	---------------------------------
                                     54 ; Function drawHearts
                                     55 ; ---------------------------------
    00000000                         56 _drawHearts::
    00000000 3B               [ 8]   57 	dec	sp
    00000001 3B               [ 8]   58 	dec	sp
                                     59 ;src/ui.c:14: for (i = 0; i < MAX_LIVES; i++)
    00000002 0E 00            [ 8]   60 	ld	c, #0x00
    00000004                         61 00111$:
                                     62 ;src/ui.c:16: UINT8 spriteBase = 28 + (i * 2);
    00000004 41               [ 4]   63 	ld	b, c
    00000005 78               [ 4]   64 	ld	a, b
    00000006 87               [ 4]   65 	add	a, a
    00000007 C6 1C            [ 8]   66 	add	a, #0x1c
    00000009 F8 00            [12]   67 	ldhl	sp,	#0
    0000000B 77               [ 8]   68 	ld	(hl), a
                                     69 ;src/ui.c:17: if (i < game.lives)
    0000000C 21r00r00         [12]   70 	ld	hl, #_game
    0000000F 79               [ 4]   71 	ld	a, c
    00000010 96               [ 8]   72 	sub	a, (hl)
    00000011 30 4D            [12]   73 	jr	NC, 00102$
                                     74 ;c:\gbdk\include\gb\gb.h:1887: shadow_OAM[nb].tile=tile;
    00000013 F8 00            [12]   75 	ldhl	sp,	#0
    00000015 5E               [ 8]   76 	ld	e, (hl)
    00000016 AF               [ 4]   77 	xor	a, a
    00000017 57               [ 4]   78 	ld	d, a
    00000018 CB 23            [ 8]   79 	sla	e
    0000001A CB 12            [ 8]   80 	rl	d
    0000001C CB 23            [ 8]   81 	sla	e
    0000001E CB 12            [ 8]   82 	rl	d
    00000020 21r01r00         [12]   83 	ld	hl,#_shadow_OAM + 1
    00000023 19               [ 8]   84 	add	hl,de
    00000024 23               [ 8]   85 	inc	hl
    00000025 36 30            [12]   86 	ld	(hl), #0x30
                                     87 ;src/ui.c:20: move_sprite(spriteBase, 8 + (i * 16), 8);
    00000027 78               [ 4]   88 	ld	a, b
    00000028 CB 37            [ 8]   89 	swap	a
    0000002A E6 F0            [ 8]   90 	and	a, #0xf0
    0000002C C6 08            [ 8]   91 	add	a, #0x08
    0000002E F8 01            [12]   92 	ldhl	sp,	#1
    00000030 77               [ 8]   93 	ld	(hl), a
    00000031 46               [ 8]   94 	ld	b, (hl)
                                     95 ;c:\gbdk\include\gb\gb.h:1973: OAM_item_t * itm = &shadow_OAM[nb];
    00000032 21r00r00         [12]   96 	ld	hl, #_shadow_OAM
    00000035 19               [ 8]   97 	add	hl, de
                                     98 ;c:\gbdk\include\gb\gb.h:1974: itm->y=y, itm->x=x;
    00000036 3E 08            [ 8]   99 	ld	a, #0x08
    00000038 22               [ 8]  100 	ld	(hl+), a
    00000039 70               [ 8]  101 	ld	(hl), b
                                    102 ;src/ui.c:21: set_sprite_tile(spriteBase + 1, 49);
    0000003A F8 00            [12]  103 	ldhl	sp,	#0
    0000003C 46               [ 8]  104 	ld	b, (hl)
    0000003D 04               [ 4]  105 	inc	b
    0000003E 58               [ 4]  106 	ld	e, b
                                    107 ;c:\gbdk\include\gb\gb.h:1887: shadow_OAM[nb].tile=tile;
    0000003F AF               [ 4]  108 	xor	a, a
    00000040 6B               [ 4]  109 	ld	l, e
    00000041 67               [ 4]  110 	ld	h, a
    00000042 29               [ 8]  111 	add	hl, hl
    00000043 29               [ 8]  112 	add	hl, hl
    00000044 11r00r00         [12]  113 	ld	de, #_shadow_OAM
    00000047 19               [ 8]  114 	add	hl, de
    00000048 23               [ 8]  115 	inc	hl
    00000049 23               [ 8]  116 	inc	hl
    0000004A 36 31            [12]  117 	ld	(hl), #0x31
                                    118 ;src/ui.c:22: move_sprite(spriteBase + 1, 8 + (i * 16), 16);
                                    119 ;c:\gbdk\include\gb\gb.h:1973: OAM_item_t * itm = &shadow_OAM[nb];
    0000004C AF               [ 4]  120 	xor	a, a
    0000004D 68               [ 4]  121 	ld	l, b
    0000004E 67               [ 4]  122 	ld	h, a
    0000004F 29               [ 8]  123 	add	hl, hl
    00000050 29               [ 8]  124 	add	hl, hl
    00000051 11r00r00         [12]  125 	ld	de, #_shadow_OAM
    00000054 19               [ 8]  126 	add	hl, de
                                    127 ;c:\gbdk\include\gb\gb.h:1974: itm->y=y, itm->x=x;
    00000055 3E 10            [ 8]  128 	ld	a, #0x10
    00000057 22               [ 8]  129 	ld	(hl+), a
    00000058 5D               [ 4]  130 	ld	e, l
    00000059 54               [ 4]  131 	ld	d, h
    0000005A F8 01            [12]  132 	ldhl	sp,	#1
    0000005C 7E               [ 8]  133 	ld	a, (hl)
    0000005D 12               [ 8]  134 	ld	(de), a
                                    135 ;src/ui.c:22: move_sprite(spriteBase + 1, 8 + (i * 16), 16);
    0000005E 18 23            [12]  136 	jr	00112$
    00000060                        137 00102$:
                                    138 ;c:\gbdk\include\gb\gb.h:1973: OAM_item_t * itm = &shadow_OAM[nb];
    00000060 11r00r00         [12]  139 	ld	de, #_shadow_OAM+0
    00000063 F8 00            [12]  140 	ldhl	sp,	#0
    00000065 46               [ 8]  141 	ld	b, (hl)
    00000066 AF               [ 4]  142 	xor	a, a
    00000067 68               [ 4]  143 	ld	l, b
    00000068 67               [ 4]  144 	ld	h, a
    00000069 29               [ 8]  145 	add	hl, hl
    0000006A 29               [ 8]  146 	add	hl, hl
    0000006B 19               [ 8]  147 	add	hl, de
                                    148 ;c:\gbdk\include\gb\gb.h:1974: itm->y=y, itm->x=x;
    0000006C 3E C8            [ 8]  149 	ld	a, #0xc8
    0000006E 22               [ 8]  150 	ld	(hl+), a
    0000006F 36 C8            [12]  151 	ld	(hl), #0xc8
                                    152 ;src/ui.c:27: move_sprite(spriteBase + 1, OFFSCREEN_X, OFFSCREEN_Y);
    00000071 F8 00            [12]  153 	ldhl	sp,	#0
    00000073 46               [ 8]  154 	ld	b, (hl)
    00000074 04               [ 4]  155 	inc	b
                                    156 ;c:\gbdk\include\gb\gb.h:1973: OAM_item_t * itm = &shadow_OAM[nb];
    00000075 AF               [ 4]  157 	xor	a, a
    00000076 68               [ 4]  158 	ld	l, b
    00000077 67               [ 4]  159 	ld	h, a
    00000078 29               [ 8]  160 	add	hl, hl
    00000079 29               [ 8]  161 	add	hl, hl
    0000007A 11r00r00         [12]  162 	ld	de, #_shadow_OAM
    0000007D 19               [ 8]  163 	add	hl, de
                                    164 ;c:\gbdk\include\gb\gb.h:1974: itm->y=y, itm->x=x;
    0000007E 3E C8            [ 8]  165 	ld	a, #0xc8
    00000080 22               [ 8]  166 	ld	(hl+), a
    00000081 36 C8            [12]  167 	ld	(hl), #0xc8
                                    168 ;src/ui.c:27: move_sprite(spriteBase + 1, OFFSCREEN_X, OFFSCREEN_Y);
    00000083                        169 00112$:
                                    170 ;src/ui.c:14: for (i = 0; i < MAX_LIVES; i++)
    00000083 0C               [ 4]  171 	inc	c
    00000084 79               [ 4]  172 	ld	a, c
    00000085 D6 03            [ 8]  173 	sub	a, #0x03
    00000087 DAr04r00         [16]  174 	jp	C, 00111$
                                    175 ;src/ui.c:30: }
    0000008A 33               [ 8]  176 	inc	sp
    0000008B 33               [ 8]  177 	inc	sp
    0000008C C9               [16]  178 	ret
                                    179 ;src/ui.c:32: void drawScore(void)
                                    180 ;	---------------------------------
                                    181 ; Function drawScore
                                    182 ; ---------------------------------
    0000008D                        183 _drawScore::
                                    184 ;src/ui.c:34: gotoxy(13, 0);
    0000008D 21 0D 00         [12]  185 	ld	hl, #0x0d
    00000090 E5               [16]  186 	push	hl
    00000091 CDr00r00         [24]  187 	call	_gotoxy
    00000094 E1               [12]  188 	pop	hl
                                    189 ;src/ui.c:35: printf("%05d", game.score);
    00000095 21r01r00         [12]  190 	ld	hl, #(_game + 1)
    00000098 2A               [ 8]  191 	ld	a, (hl+)
    00000099 4F               [ 4]  192 	ld	c, a
    0000009A 46               [ 8]  193 	ld	b, (hl)
    0000009B C5               [16]  194 	push	bc
    0000009C 11rA6r00         [12]  195 	ld	de, #___str_0
    0000009F D5               [16]  196 	push	de
    000000A0 CDr00r00         [24]  197 	call	_printf
    000000A3 E8 04            [16]  198 	add	sp, #4
                                    199 ;src/ui.c:36: }
    000000A5 C9               [16]  200 	ret
    000000A6                        201 ___str_0:
    000000A6 25 30 35 64            202 	.ascii "%05d"
    000000AA 00                     203 	.db 0x00
                                    204 ;src/ui.c:38: void drawWave(void)
                                    205 ;	---------------------------------
                                    206 ; Function drawWave
                                    207 ; ---------------------------------
    000000AB                        208 _drawWave::
                                    209 ;src/ui.c:40: gotoxy(0, 0);
    000000AB AF               [ 4]  210 	xor	a, a
    000000AC 0F               [ 4]  211 	rrca
    000000AD F5               [16]  212 	push	af
    000000AE CDr00r00         [24]  213 	call	_gotoxy
    000000B1 E1               [12]  214 	pop	hl
                                    215 ;src/ui.c:41: printf(" Wave:%d", game.waveNumber);
    000000B2 21r05r00         [12]  216 	ld	hl, #(_game + 5)
    000000B5 4E               [ 8]  217 	ld	c, (hl)
    000000B6 06 00            [ 8]  218 	ld	b, #0x00
    000000B8 C5               [16]  219 	push	bc
    000000B9 11rC3r00         [12]  220 	ld	de, #___str_1
    000000BC D5               [16]  221 	push	de
    000000BD CDr00r00         [24]  222 	call	_printf
    000000C0 E8 04            [16]  223 	add	sp, #4
                                    224 ;src/ui.c:42: }
    000000C2 C9               [16]  225 	ret
    000000C3                        226 ___str_1:
    000000C3 20 57 61 76 65 3A 25   227 	.ascii " Wave:%d"
             64
    000000CB 00                     228 	.db 0x00
                                    229 ;src/ui.c:44: void showStartScreen(void)
                                    230 ;	---------------------------------
                                    231 ; Function showStartScreen
                                    232 ; ---------------------------------
    000000CC                        233 _showStartScreen::
    000000CC 3B               [ 8]  234 	dec	sp
    000000CD 3B               [ 8]  235 	dec	sp
                                    236 ;src/ui.c:46: UINT8 blinkCounter = 0;
    000000CE F8 01            [12]  237 	ldhl	sp,	#1
                                    238 ;src/ui.c:47: UINT8 showText = 1;
    000000D0 AF               [ 4]  239 	xor	a, a
    000000D1 32               [ 8]  240 	ld	(hl-), a
    000000D2 36 01            [12]  241 	ld	(hl), #0x01
                                    242 ;src/ui.c:49: SCX_REG = 0;
    000000D4 AF               [ 4]  243 	xor	a, a
    000000D5 E0r00            [12]  244 	ldh	(_SCX_REG + 0), a
                                    245 ;src/ui.c:50: SCY_REG = 0;
    000000D7 AF               [ 4]  246 	xor	a, a
    000000D8 E0r00            [12]  247 	ldh	(_SCY_REG + 0), a
                                    248 ;src/ui.c:51: HIDE_SPRITES;
    000000DA F0r00            [12]  249 	ldh	a, (_LCDC_REG + 0)
    000000DC E6 FD            [ 8]  250 	and	a, #0xfd
    000000DE E0r00            [12]  251 	ldh	(_LCDC_REG + 0), a
                                    252 ;src/ui.c:52: BGP_REG = 0x1B;
    000000E0 3E 1B            [ 8]  253 	ld	a, #0x1b
    000000E2 E0r00            [12]  254 	ldh	(_BGP_REG + 0), a
                                    255 ;src/ui.c:53: fill_bkg_rect(0, 0, 20, 18, 0x00);
    000000E4 AF               [ 4]  256 	xor	a, a
    000000E5 67               [ 4]  257 	ld	h, a
    000000E6 2E 12            [ 8]  258 	ld	l, #0x12
    000000E8 E5               [16]  259 	push	hl
    000000E9 3E 14            [ 8]  260 	ld	a, #0x14
    000000EB F5               [16]  261 	push	af
    000000EC 33               [ 8]  262 	inc	sp
    000000ED AF               [ 4]  263 	xor	a, a
    000000EE 0F               [ 4]  264 	rrca
    000000EF F5               [16]  265 	push	af
    000000F0 CDr00r00         [24]  266 	call	_fill_bkg_rect
    000000F3 E8 05            [16]  267 	add	sp, #5
                                    268 ;src/ui.c:55: gotoxy(4, 5);
    000000F5 21 04 05         [12]  269 	ld	hl, #0x504
    000000F8 E5               [16]  270 	push	hl
    000000F9 CDr00r00         [24]  271 	call	_gotoxy
    000000FC E1               [12]  272 	pop	hl
                                    273 ;src/ui.c:56: printf("SHOOT 'THE");
    000000FD 11r8Er01         [12]  274 	ld	de, #___str_2
    00000100 D5               [16]  275 	push	de
    00000101 CDr00r00         [24]  276 	call	_printf
    00000104 E1               [12]  277 	pop	hl
                                    278 ;src/ui.c:57: gotoxy(6, 6);
    00000105 21 06 06         [12]  279 	ld	hl, #0x606
    00000108 E5               [16]  280 	push	hl
    00000109 CDr00r00         [24]  281 	call	_gotoxy
    0000010C E1               [12]  282 	pop	hl
                                    283 ;src/ui.c:58: printf("AMOGUS!");
    0000010D 11r99r01         [12]  284 	ld	de, #___str_3
    00000110 D5               [16]  285 	push	de
    00000111 CDr00r00         [24]  286 	call	_printf
    00000114 E1               [12]  287 	pop	hl
                                    288 ;src/ui.c:59: gotoxy(8, 9);
    00000115 21 08 09         [12]  289 	ld	hl, #0x908
    00000118 E5               [16]  290 	push	hl
    00000119 CDr00r00         [24]  291 	call	_gotoxy
    0000011C E1               [12]  292 	pop	hl
                                    293 ;src/ui.c:60: printf("BY");
    0000011D 11rA1r01         [12]  294 	ld	de, #___str_4
    00000120 D5               [16]  295 	push	de
    00000121 CDr00r00         [24]  296 	call	_printf
    00000124 E1               [12]  297 	pop	hl
                                    298 ;src/ui.c:61: gotoxy(3, 10);
    00000125 21 03 0A         [12]  299 	ld	hl, #0xa03
    00000128 E5               [16]  300 	push	hl
    00000129 CDr00r00         [24]  301 	call	_gotoxy
    0000012C E1               [12]  302 	pop	hl
                                    303 ;src/ui.c:62: printf("SIZZLING SISIG");
    0000012D 11rA4r01         [12]  304 	ld	de, #___str_5
    00000130 D5               [16]  305 	push	de
    00000131 CDr00r00         [24]  306 	call	_printf
    00000134 E1               [12]  307 	pop	hl
                                    308 ;src/ui.c:64: if (game.highScore > 0)
    00000135 21r03r00         [12]  309 	ld	hl, #(_game + 3)
    00000138 2A               [ 8]  310 	ld	a, (hl+)
    00000139 B6               [ 8]  311 	or	a, (hl)
    0000013A 28 18            [12]  312 	jr	Z, 00118$
                                    313 ;src/ui.c:66: gotoxy(3, 11);
    0000013C 21 03 0B         [12]  314 	ld	hl, #0xb03
    0000013F E5               [16]  315 	push	hl
    00000140 CDr00r00         [24]  316 	call	_gotoxy
    00000143 E1               [12]  317 	pop	hl
                                    318 ;src/ui.c:67: printf("HIGH: %d", game.highScore);
    00000144 21r03r00         [12]  319 	ld	hl, #(_game + 3)
    00000147 2A               [ 8]  320 	ld	a, (hl+)
    00000148 4F               [ 4]  321 	ld	c, a
    00000149 46               [ 8]  322 	ld	b, (hl)
    0000014A C5               [16]  323 	push	bc
    0000014B 11rB3r01         [12]  324 	ld	de, #___str_6
    0000014E D5               [16]  325 	push	de
    0000014F CDr00r00         [24]  326 	call	_printf
    00000152 E8 04            [16]  327 	add	sp, #4
                                    328 ;src/ui.c:70: while (1)
    00000154                        329 00118$:
    00000154                        330 00108$:
                                    331 ;src/ui.c:72: if (++blinkCounter > 30)
    00000154 F8 01            [12]  332 	ldhl	sp,	#1
    00000156 34               [12]  333 	inc	(hl)
    00000157 3E 1E            [ 8]  334 	ld	a, #0x1e
    00000159 96               [ 8]  335 	sub	a, (hl)
    0000015A 30 24            [12]  336 	jr	NC, 00104$
                                    337 ;src/ui.c:74: blinkCounter = 0;
                                    338 ;src/ui.c:75: showText = !showText;
    0000015C AF               [ 4]  339 	xor	a, a
    0000015D 32               [ 8]  340 	ld	(hl-), a
    0000015E 7E               [ 8]  341 	ld	a, (hl)
    0000015F D6 01            [ 8]  342 	sub	a, #0x01
    00000161 3E 00            [ 8]  343 	ld	a, #0x00
    00000163 17               [ 4]  344 	rla
    00000164 77               [ 8]  345 	ld	(hl), a
                                    346 ;src/ui.c:76: gotoxy(2, 14);
    00000165 21 02 0E         [12]  347 	ld	hl, #0xe02
    00000168 E5               [16]  348 	push	hl
    00000169 CDr00r00         [24]  349 	call	_gotoxy
    0000016C E1               [12]  350 	pop	hl
                                    351 ;src/ui.c:77: printf(showText ? "PRESS  START" : "              ");
    0000016D F8 00            [12]  352 	ldhl	sp,	#0
    0000016F 7E               [ 8]  353 	ld	a, (hl)
    00000170 B7               [ 4]  354 	or	a, a
    00000171 28 05            [12]  355 	jr	Z, 00112$
    00000173 01rBCr01         [12]  356 	ld	bc, #___str_7
    00000176 18 03            [12]  357 	jr	00113$
    00000178                        358 00112$:
    00000178 01rC9r01         [12]  359 	ld	bc, #___str_8
    0000017B                        360 00113$:
    0000017B C5               [16]  361 	push	bc
    0000017C CDr00r00         [24]  362 	call	_printf
    0000017F E1               [12]  363 	pop	hl
    00000180                        364 00104$:
                                    365 ;src/ui.c:80: if (joypad() & J_START)
    00000180 CDr00r00         [24]  366 	call	_joypad
    00000183 07               [ 4]  367 	rlca
    00000184 38 05            [12]  368 	jr	C, 00110$
                                    369 ;src/ui.c:82: wait_vbl_done();
    00000186 CDr00r00         [24]  370 	call	_wait_vbl_done
    00000189 18 C9            [12]  371 	jr	00108$
    0000018B                        372 00110$:
                                    373 ;src/ui.c:84: }
    0000018B 33               [ 8]  374 	inc	sp
    0000018C 33               [ 8]  375 	inc	sp
    0000018D C9               [16]  376 	ret
    0000018E                        377 ___str_2:
    0000018E 53 48 4F 4F 54 20 27   378 	.ascii "SHOOT 'THE"
             54 48 45
    00000198 00                     379 	.db 0x00
    00000199                        380 ___str_3:
    00000199 41 4D 4F 47 55 53 21   381 	.ascii "AMOGUS!"
    000001A0 00                     382 	.db 0x00
    000001A1                        383 ___str_4:
    000001A1 42 59                  384 	.ascii "BY"
    000001A3 00                     385 	.db 0x00
    000001A4                        386 ___str_5:
    000001A4 53 49 5A 5A 4C 49 4E   387 	.ascii "SIZZLING SISIG"
             47 20 53 49 53 49 47
    000001B2 00                     388 	.db 0x00
    000001B3                        389 ___str_6:
    000001B3 48 49 47 48 3A 20 25   390 	.ascii "HIGH: %d"
             64
    000001BB 00                     391 	.db 0x00
    000001BC                        392 ___str_7:
    000001BC 50 52 45 53 53 20 20   393 	.ascii "PRESS  START"
             53 54 41 52 54
    000001C8 00                     394 	.db 0x00
    000001C9                        395 ___str_8:
    000001C9 20 20 20 20 20 20 20   396 	.ascii "              "
             20 20 20 20 20 20 20
    000001D7 00                     397 	.db 0x00
                                    398 ;src/ui.c:86: UINT8 showGameOverScreen(void)
                                    399 ;	---------------------------------
                                    400 ; Function showGameOverScreen
                                    401 ; ---------------------------------
    000001D8                        402 _showGameOverScreen::
    000001D8 3B               [ 8]  403 	dec	sp
    000001D9 3B               [ 8]  404 	dec	sp
                                    405 ;src/ui.c:88: UINT8 blinkCounter = 0;
    000001DA F8 01            [12]  406 	ldhl	sp,	#1
                                    407 ;src/ui.c:89: UINT8 showText = 1;
    000001DC AF               [ 4]  408 	xor	a, a
    000001DD 32               [ 8]  409 	ld	(hl-), a
    000001DE 36 01            [12]  410 	ld	(hl), #0x01
                                    411 ;src/ui.c:92: playSound(SOUND_GAME_OVER);
    000001E0 3E 03            [ 8]  412 	ld	a, #0x03
    000001E2 CDr00r00         [24]  413 	call	_playSound
                                    414 ;src/ui.c:94: SCX_REG = 0;
    000001E5 AF               [ 4]  415 	xor	a, a
    000001E6 E0r00            [12]  416 	ldh	(_SCX_REG + 0), a
                                    417 ;src/ui.c:95: SCY_REG = 0;
    000001E8 AF               [ 4]  418 	xor	a, a
    000001E9 E0r00            [12]  419 	ldh	(_SCY_REG + 0), a
                                    420 ;src/ui.c:96: HIDE_SPRITES;
    000001EB F0r00            [12]  421 	ldh	a, (_LCDC_REG + 0)
    000001ED E6 FD            [ 8]  422 	and	a, #0xfd
    000001EF E0r00            [12]  423 	ldh	(_LCDC_REG + 0), a
                                    424 ;src/ui.c:97: BGP_REG = 0x1B;
    000001F1 3E 1B            [ 8]  425 	ld	a, #0x1b
    000001F3 E0r00            [12]  426 	ldh	(_BGP_REG + 0), a
                                    427 ;src/ui.c:98: fill_bkg_rect(0, 0, 20, 18, 0x00);
    000001F5 AF               [ 4]  428 	xor	a, a
    000001F6 67               [ 4]  429 	ld	h, a
    000001F7 2E 12            [ 8]  430 	ld	l, #0x12
    000001F9 E5               [16]  431 	push	hl
    000001FA 3E 14            [ 8]  432 	ld	a, #0x14
    000001FC F5               [16]  433 	push	af
    000001FD 33               [ 8]  434 	inc	sp
    000001FE AF               [ 4]  435 	xor	a, a
    000001FF 0F               [ 4]  436 	rrca
    00000200 F5               [16]  437 	push	af
    00000201 CDr00r00         [24]  438 	call	_fill_bkg_rect
    00000204 E8 05            [16]  439 	add	sp, #5
                                    440 ;src/ui.c:100: gotoxy(5, 6);
    00000206 21 05 06         [12]  441 	ld	hl, #0x605
    00000209 E5               [16]  442 	push	hl
    0000020A CDr00r00         [24]  443 	call	_gotoxy
    0000020D E1               [12]  444 	pop	hl
                                    445 ;src/ui.c:101: printf("GAME  OVER");
    0000020E 11r8Cr02         [12]  446 	ld	de, #___str_9
    00000211 D5               [16]  447 	push	de
    00000212 CDr00r00         [24]  448 	call	_printf
    00000215 E1               [12]  449 	pop	hl
                                    450 ;src/ui.c:102: gotoxy(4, 9);
    00000216 21 04 09         [12]  451 	ld	hl, #0x904
    00000219 E5               [16]  452 	push	hl
    0000021A CDr00r00         [24]  453 	call	_gotoxy
    0000021D E1               [12]  454 	pop	hl
                                    455 ;src/ui.c:103: printf("SCORE: %d", game.score);
    0000021E 21r01r00         [12]  456 	ld	hl, #_game + 1
    00000221 2A               [ 8]  457 	ld	a, (hl+)
    00000222 4F               [ 4]  458 	ld	c, a
    00000223 46               [ 8]  459 	ld	b, (hl)
    00000224 C5               [16]  460 	push	bc
    00000225 11r97r02         [12]  461 	ld	de, #___str_10
    00000228 D5               [16]  462 	push	de
    00000229 CDr00r00         [24]  463 	call	_printf
    0000022C E8 04            [16]  464 	add	sp, #4
                                    465 ;src/ui.c:104: gotoxy(4, 10);
    0000022E 21 04 0A         [12]  466 	ld	hl, #0xa04
    00000231 E5               [16]  467 	push	hl
    00000232 CDr00r00         [24]  468 	call	_gotoxy
    00000235 E1               [12]  469 	pop	hl
                                    470 ;src/ui.c:105: printf("WAVE:  %d", game.waveNumber);
    00000236 21r05r00         [12]  471 	ld	hl, #_game + 5
    00000239 4E               [ 8]  472 	ld	c, (hl)
    0000023A 06 00            [ 8]  473 	ld	b, #0x00
    0000023C C5               [16]  474 	push	bc
    0000023D 11rA1r02         [12]  475 	ld	de, #___str_11
    00000240 D5               [16]  476 	push	de
    00000241 CDr00r00         [24]  477 	call	_printf
    00000244 E8 04            [16]  478 	add	sp, #4
                                    479 ;src/ui.c:107: for (i = 0; i < 60; i++)
    00000246 0E 3C            [ 8]  480 	ld	c, #0x3c
    00000248                        481 00111$:
                                    482 ;src/ui.c:108: wait_vbl_done();
    00000248 CDr00r00         [24]  483 	call	_wait_vbl_done
    0000024B 0D               [ 4]  484 	dec	c
    0000024C 20 FA            [12]  485 	jr	NZ, 00111$
                                    486 ;src/ui.c:107: for (i = 0; i < 60; i++)
                                    487 ;src/ui.c:110: while (1)
    0000024E                        488 00107$:
                                    489 ;src/ui.c:112: if (++blinkCounter > 30)
    0000024E F8 01            [12]  490 	ldhl	sp,	#1
    00000250 34               [12]  491 	inc	(hl)
    00000251 3E 1E            [ 8]  492 	ld	a, #0x1e
    00000253 96               [ 8]  493 	sub	a, (hl)
    00000254 30 24            [12]  494 	jr	NC, 00103$
                                    495 ;src/ui.c:114: blinkCounter = 0;
                                    496 ;src/ui.c:115: showText = !showText;
    00000256 AF               [ 4]  497 	xor	a, a
    00000257 32               [ 8]  498 	ld	(hl-), a
    00000258 7E               [ 8]  499 	ld	a, (hl)
    00000259 D6 01            [ 8]  500 	sub	a, #0x01
    0000025B 3E 00            [ 8]  501 	ld	a, #0x00
    0000025D 17               [ 4]  502 	rla
    0000025E 77               [ 8]  503 	ld	(hl), a
                                    504 ;src/ui.c:116: gotoxy(3, 15);
    0000025F 21 03 0F         [12]  505 	ld	hl, #0xf03
    00000262 E5               [16]  506 	push	hl
    00000263 CDr00r00         [24]  507 	call	_gotoxy
    00000266 E1               [12]  508 	pop	hl
                                    509 ;src/ui.c:117: printf(showText ? "START:RETRY" : "           ");
    00000267 F8 00            [12]  510 	ldhl	sp,	#0
    00000269 7E               [ 8]  511 	ld	a, (hl)
    0000026A B7               [ 4]  512 	or	a, a
    0000026B 28 05            [12]  513 	jr	Z, 00114$
    0000026D 01rABr02         [12]  514 	ld	bc, #___str_12
    00000270 18 03            [12]  515 	jr	00115$
    00000272                        516 00114$:
    00000272 01rB7r02         [12]  517 	ld	bc, #___str_13
    00000275                        518 00115$:
    00000275 C5               [16]  519 	push	bc
    00000276 CDr00r00         [24]  520 	call	_printf
    00000279 E1               [12]  521 	pop	hl
    0000027A                        522 00103$:
                                    523 ;src/ui.c:120: if (joypad() & J_START)
    0000027A CDr00r00         [24]  524 	call	_joypad
    0000027D 07               [ 4]  525 	rlca
    0000027E 30 04            [12]  526 	jr	NC, 00105$
                                    527 ;src/ui.c:121: return 1;
    00000280 3E 01            [ 8]  528 	ld	a, #0x01
    00000282 18 05            [12]  529 	jr	00112$
    00000284                        530 00105$:
                                    531 ;src/ui.c:122: wait_vbl_done();
    00000284 CDr00r00         [24]  532 	call	_wait_vbl_done
    00000287 18 C5            [12]  533 	jr	00107$
    00000289                        534 00112$:
                                    535 ;src/ui.c:124: }
    00000289 33               [ 8]  536 	inc	sp
    0000028A 33               [ 8]  537 	inc	sp
    0000028B C9               [16]  538 	ret
    0000028C                        539 ___str_9:
    0000028C 47 41 4D 45 20 20 4F   540 	.ascii "GAME  OVER"
             56 45 52
    00000296 00                     541 	.db 0x00
    00000297                        542 ___str_10:
    00000297 53 43 4F 52 45 3A 20   543 	.ascii "SCORE: %d"
             25 64
    000002A0 00                     544 	.db 0x00
    000002A1                        545 ___str_11:
    000002A1 57 41 56 45 3A 20 20   546 	.ascii "WAVE:  %d"
             25 64
    000002AA 00                     547 	.db 0x00
    000002AB                        548 ___str_12:
    000002AB 53 54 41 52 54 3A 52   549 	.ascii "START:RETRY"
             45 54 52 59
    000002B6 00                     550 	.db 0x00
    000002B7                        551 ___str_13:
    000002B7 20 20 20 20 20 20 20   552 	.ascii "           "
             20 20 20 20
    000002C2 00                     553 	.db 0x00
                                    554 	.area _CODE
                                    555 	.area _INITIALIZER
                                    556 	.area _CABS (ABS)
